{"meta": {"format": 3, "version": "7.13.4", "timestamp": "2026-02-13T17:14:04.579073", "branch_coverage": false, "show_contexts": false}, "files": {"src/ffmpeg/__init__.py": {"executed_lines": [26, 27, 28, 29, 30, 31, 32, 34], "summary": {"covered_lines": 8, "num_statements": 8, "percent_covered": 100.0, "percent_covered_display": "100", "missing_lines": 0, "excluded_lines": 0, "percent_statements_covered": 100.0, "percent_statements_covered_display": "100"}, "missing_lines": [], "excluded_lines": [], "functions": {"": {"executed_lines": [26, 27, 28, 29, 30, 31, 32, 34], "summary": {"covered_lines": 8, "num_statements": 8, "percent_covered": 100.0, "percent_covered_display": "100", "missing_lines": 0, "excluded_lines": 0, "percent_statements_covered": 100.0, "percent_statements_covered_display": "100"}, "missing_lines": [], "excluded_lines": [], "start_line": 1}}, "classes": {"": {"executed_lines": [26, 27, 28, 29, 30, 31, 32, 34], "summary": {"covered_lines": 8, "num_statements": 8, "percent_covered": 100.0, "percent_covered_display": "100", "missing_lines": 0, "excluded_lines": 0, "percent_statements_covered": 100.0, "percent_statements_covered_display": "100"}, "missing_lines": [], "excluded_lines": [], "start_line": 1}}}, "src/ffmpeg/base.py": {"executed_lines": [10, 12, 13, 14, 21, 22, 23, 24, 27, 52, 188], "summary": {"covered_lines": 11, "num_statements": 11, "percent_covered": 100.0, "percent_covered_display": "100", "missing_lines": 0, "excluded_lines": 127, "percent_statements_covered": 100.0, "percent_statements_covered_display": "100"}, "missing_lines": [], "excluded_lines": [55, 56, 57, 58, 59, 60, 61, 62, 63, 64, 65, 66, 67, 68, 69, 70, 71, 72, 73, 74, 75, 76, 77, 78, 79, 80, 81, 82, 83, 84, 85, 86, 87, 88, 89, 90, 91, 92, 93, 94, 97, 98, 99, 100, 101, 102, 103, 104, 105, 106, 107, 108, 109, 110, 111, 112, 113, 114, 115, 116, 117, 118, 119, 120, 121, 122, 123, 124, 125, 126, 127, 128, 129, 130, 131, 132, 133, 134, 135, 136, 139, 140, 141, 142, 143, 144, 145, 146, 147, 148, 149, 150, 151, 152, 153, 154, 155, 156, 157, 158, 159, 160, 161, 162, 163, 164, 165, 166, 167, 168, 169, 170, 171, 172, 173, 174, 175, 176, 177, 178, 179, 180, 181, 182, 183, 184, 185], "functions": {"merge_outputs": {"executed_lines": [52], "summary": {"covered_lines": 1, "num_statements": 1, "percent_covered": 100.0, "percent_covered_display": "100", "missing_lines": 0, "excluded_lines": 0, "percent_statements_covered": 100.0, "percent_statements_covered_display": "100"}, "missing_lines": [], "excluded_lines": [], "start_line": 27}, "vfilter": {"executed_lines": [], "summary": {"covered_lines": 0, "num_statements": 0, "percent_covered": 100.0, "percent_covered_display": "100", "missing_lines": 0, "excluded_lines": 34, "percent_statements_covered": 100.0, "percent_statements_covered_display": "100"}, "missing_lines": [], "excluded_lines": [61, 62, 63, 64, 65, 66, 67, 68, 69, 70, 71, 72, 73, 74, 75, 76, 77, 78, 79, 80, 81, 82, 83, 84, 85, 86, 87, 88, 89, 90, 91, 92, 93, 94], "start_line": 55}, "afilter": {"executed_lines": [], "summary": {"covered_lines": 0, "num_statements": 0, "percent_covered": 100.0, "percent_covered_display": "100", "missing_lines": 0, "excluded_lines": 34, "percent_statements_covered": 100.0, "percent_statements_covered_display": "100"}, "missing_lines": [], "excluded_lines": [103, 104, 105, 106, 107, 108, 109, 110, 111, 112, 113, 114, 115, 116, 117, 118, 119, 120, 121, 122, 123, 124, 125, 126, 127, 128, 129, 130, 131, 132, 133, 134, 135, 136], "start_line": 97}, "filter_multi_output": {"executed_lines": [], "summary": {"covered_lines": 0, "num_statements": 0, "percent_covered": 100.0, "percent_covered_display": "100", "missing_lines": 0, "excluded_lines": 40, "percent_statements_covered": 100.0, "percent_statements_covered_display": "100"}, "missing_lines": [], "excluded_lines": [146, 147, 148, 149, 150, 151, 152, 153, 154, 155, 156, 157, 158, 159, 160, 161, 162, 163, 164, 165, 166, 167, 168, 169, 170, 171, 172, 173, 174, 175, 176, 177, 178, 179, 180, 181, 182, 183, 184, 185], "start_line": 139}, "": {"executed_lines": [10, 12, 13, 14, 21, 22, 23, 24, 27, 188], "summary": {"covered_lines": 10, "num_statements": 10, "percent_covered": 100.0, "percent_covered_display": "100", "missing_lines": 0, "excluded_lines": 19, "percent_statements_covered": 100.0, "percent_statements_covered_display": "100"}, "missing_lines": [], "excluded_lines": [55, 56, 57, 58, 59, 60, 97, 98, 99, 100, 101, 102, 139, 140, 141, 142, 143, 144, 145], "start_line": 1}}, "classes": {"": {"executed_lines": [10, 12, 13, 14, 21, 22, 23, 24, 27, 52, 188], "summary": {"covered_lines": 11, "num_statements": 11, "percent_covered": 100.0, "percent_covered_display": "100", "missing_lines": 0, "excluded_lines": 127, "percent_statements_covered": 100.0, "percent_statements_covered_display": "100"}, "missing_lines": [], "excluded_lines": [55, 56, 57, 58, 59, 60, 61, 62, 63, 64, 65, 66, 67, 68, 69, 70, 71, 72, 73, 74, 75, 76, 77, 78, 79, 80, 81, 82, 83, 84, 85, 86, 87, 88, 89, 90, 91, 92, 93, 94, 97, 98, 99, 100, 101, 102, 103, 104, 105, 106, 107, 108, 109, 110, 111, 112, 113, 114, 115, 116, 117, 118, 119, 120, 121, 122, 123, 124, 125, 126, 127, 128, 129, 130, 131, 132, 133, 134, 135, 136, 139, 140, 141, 142, 143, 144, 145, 146, 147, 148, 149, 150, 151, 152, 153, 154, 155, 156, 157, 158, 159, 160, 161, 162, 163, 164, 165, 166, 167, 168, 169, 170, 171, 172, 173, 174, 175, 176, 177, 178, 179, 180, 181, 182, 183, 184, 185], "start_line": 1}}}, "src/ffmpeg/codecs/__init__.py": {"executed_lines": [3, 5], "summary": {"covered_lines": 2, "num_statements": 2, "percent_covered": 100.0, "percent_covered_display": "100", "missing_lines": 0, "excluded_lines": 0, "percent_statements_covered": 100.0, "percent_statements_covered_display": "100"}, "missing_lines": [], "excluded_lines": [], "functions": {"": {"executed_lines": [3, 5], "summary": {"covered_lines": 2, "num_statements": 2, "percent_covered": 100.0, "percent_covered_display": "100", "missing_lines": 0, "excluded_lines": 0, "percent_statements_covered": 100.0, "percent_statements_covered_display": "100"}, "missing_lines": [], "excluded_lines": [], "start_line": 1}}, "classes": {"": {"executed_lines": [3, 5], "summary": {"covered_lines": 2, "num_statements": 2, "percent_covered": 100.0, "percent_covered_display": "100", "missing_lines": 0, "excluded_lines": 0, "percent_statements_covered": 100.0, "percent_statements_covered_display": "100"}, "missing_lines": [], "excluded_lines": [], "start_line": 1}}}, "src/ffmpeg/codecs/schema.py": {"executed_lines": [3, 6, 10], "summary": {"covered_lines": 3, "num_statements": 3, "percent_covered": 100.0, "percent_covered_display": "100", "missing_lines": 0, "excluded_lines": 0, "percent_statements_covered": 100.0, "percent_statements_covered_display": "100"}, "missing_lines": [], "excluded_lines": [], "functions": {"": {"executed_lines": [3, 6, 10], "summary": {"covered_lines": 3, "num_statements": 3, "percent_covered": 100.0, "percent_covered_display": "100", "missing_lines": 0, "excluded_lines": 0, "percent_statements_covered": 100.0, "percent_statements_covered_display": "100"}, "missing_lines": [], "excluded_lines": [], "start_line": 1}}, "classes": {"FFMpegEncoderOption": {"executed_lines": [], "summary": {"covered_lines": 0, "num_statements": 0, "percent_covered": 100.0, "percent_covered_display": "100", "missing_lines": 0, "excluded_lines": 0, "percent_statements_covered": 100.0, "percent_statements_covered_display": "100"}, "missing_lines": [], "excluded_lines": [], "start_line": 6}, "FFMpegDecoderOption": {"executed_lines": [], "summary": {"covered_lines": 0, "num_statements": 0, "percent_covered": 100.0, "percent_covered_display": "100", "missing_lines": 0, "excluded_lines": 0, "percent_statements_covered": 100.0, "percent_statements_covered_display": "100"}, "missing_lines": [], "excluded_lines": [], "start_line": 10}, "": {"executed_lines": [3, 6, 10], "summary": {"covered_lines": 3, "num_statements": 3, "percent_covered": 100.0, "percent_covered_display": "100", "missing_lines": 0, "excluded_lines": 0, "percent_statements_covered": 100.0, "percent_statements_covered_display": "100"}, "missing_lines": [], "excluded_lines": [], "start_line": 1}}}, "src/ffmpeg/common/__init__.py": {"executed_lines": [], "summary": {"covered_lines": 0, "num_statements": 0, "percent_covered": 100.0, "percent_covered_display": "100", "missing_lines": 0, "excluded_lines": 0, "percent_statements_covered": 100.0, "percent_statements_covered_display": "100"}, "missing_lines": [], "excluded_lines": [], "functions": {"": {"executed_lines": [], "summary": {"covered_lines": 0, "num_statements": 0, "percent_covered": 100.0, "percent_covered_display": "100", "missing_lines": 0, "excluded_lines": 0, "percent_statements_covered": 100.0, "percent_statements_covered_display": "100"}, "missing_lines": [], "excluded_lines": [], "start_line": 1}}, "classes": {"": {"executed_lines": [], "summary": {"covered_lines": 0, "num_statements": 0, "percent_covered": 100.0, "percent_covered_display": "100", "missing_lines": 0, "excluded_lines": 0, "percent_statements_covered": 100.0, "percent_statements_covered_display": "100"}, "missing_lines": [], "excluded_lines": [], "start_line": 1}}}, "src/ffmpeg/common/cache.py": {"executed_lines": [3, 4, 5, 7, 9, 12, 25, 28, 30, 31, 32, 35, 38, 50, 52, 53, 54, 57, 66, 67, 69, 70, 73, 84, 86, 89, 91, 92, 93], "summary": {"covered_lines": 29, "num_statements": 30, "percent_covered": 96.66666666666667, "percent_covered_display": "97", "missing_lines": 1, "excluded_lines": 0, "percent_statements_covered": 96.66666666666667, "percent_statements_covered_display": "97"}, "missing_lines": [26], "excluded_lines": [], "functions": {"get_cache_path": {"executed_lines": [25, 28, 30, 31, 32], "summary": {"covered_lines": 5, "num_statements": 6, "percent_covered": 83.33333333333333, "percent_covered_display": "83", "missing_lines": 1, "excluded_lines": 0, "percent_statements_covered": 83.33333333333333, "percent_statements_covered_display": "83"}, "missing_lines": [26], "excluded_lines": [], "start_line": 12}, "load": {"executed_lines": [50, 52, 53, 54], "summary": {"covered_lines": 4, "num_statements": 4, "percent_covered": 100.0, "percent_covered_display": "100", "missing_lines": 0, "excluded_lines": 0, "percent_statements_covered": 100.0, "percent_statements_covered_display": "100"}, "missing_lines": [], "excluded_lines": [], "start_line": 38}, "save": {"executed_lines": [66, 67, 69, 70], "summary": {"covered_lines": 4, "num_statements": 4, "percent_covered": 100.0, "percent_covered_display": "100", "missing_lines": 0, "excluded_lines": 0, "percent_statements_covered": 100.0, "percent_statements_covered_display": "100"}, "missing_lines": [], "excluded_lines": [], "start_line": 57}, "list_all": {"executed_lines": [84, 86], "summary": {"covered_lines": 2, "num_statements": 2, "percent_covered": 100.0, "percent_covered_display": "100", "missing_lines": 0, "excluded_lines": 0, "percent_statements_covered": 100.0, "percent_statements_covered_display": "100"}, "missing_lines": [], "excluded_lines": [], "start_line": 73}, "clean": {"executed_lines": [91, 92, 93], "summary": {"covered_lines": 3, "num_statements": 3, "percent_covered": 100.0, "percent_covered_display": "100", "missing_lines": 0, "excluded_lines": 0, "percent_statements_covered": 100.0, "percent_statements_covered_display": "100"}, "missing_lines": [], "excluded_lines": [], "start_line": 89}, "": {"executed_lines": [3, 4, 5, 7, 9, 12, 35, 38, 57, 73, 89], "summary": {"covered_lines": 11, "num_statements": 11, "percent_covered": 100.0, "percent_covered_display": "100", "missing_lines": 0, "excluded_lines": 0, "percent_statements_covered": 100.0, "percent_statements_covered_display": "100"}, "missing_lines": [], "excluded_lines": [], "start_line": 1}}, "classes": {"": {"executed_lines": [3, 4, 5, 7, 9, 12, 25, 28, 30, 31, 32, 35, 38, 50, 52, 53, 54, 57, 66, 67, 69, 70, 73, 84, 86, 89, 91, 92, 93], "summary": {"covered_lines": 29, "num_statements": 30, "percent_covered": 96.66666666666667, "percent_covered_display": "97", "missing_lines": 1, "excluded_lines": 0, "percent_statements_covered": 96.66666666666667, "percent_statements_covered_display": "97"}, "missing_lines": [26], "excluded_lines": [], "start_line": 1}}}, "src/ffmpeg/common/schema.py": {"executed_lines": [9, 11, 12, 13, 15, 18, 19, 29, 30, 32, 33, 36, 37, 46, 47, 48, 49, 50, 51, 52, 53, 54, 55, 56, 57, 58, 59, 60, 61, 64, 65, 74, 75, 77, 78, 80, 81, 83, 84, 86, 87, 89, 90, 92, 93, 95, 96, 98, 99, 102, 103, 111, 112, 114, 115, 117, 118, 120, 121, 124, 125, 133, 134, 137, 139, 140, 142, 143, 145, 146, 148, 149, 151, 152, 154, 155, 158, 160, 161, 164, 165, 173, 174, 176, 177, 180, 181, 189, 190, 193, 199, 205, 206, 215, 216, 218, 219, 221, 222, 224, 225, 228, 229, 231, 232, 234, 235, 237, 238, 240, 241, 243, 244, 247, 248, 250, 251, 254, 257, 259, 260, 262, 263, 266, 269, 271, 272, 280, 282, 283, 294, 302, 303, 317, 318, 319, 320, 322, 323, 324, 327, 328, 329, 332, 333, 337, 339, 340, 354, 356, 357, 359, 360, 365, 366, 369, 376, 377, 429, 430, 433, 434, 441, 442, 446, 447, 451, 452, 453, 454, 456, 457, 461, 462, 467, 468, 472, 473, 478, 479, 482, 483, 486, 488, 489, 492, 493, 497, 498, 501, 502, 507, 508, 517, 518, 520, 521, 523, 524, 526, 527, 529, 530, 532, 533, 535, 536, 538, 539, 542, 543, 552, 553, 555, 556, 558, 559, 561, 562, 564, 565, 567, 568, 570, 571, 579, 581, 582, 590, 592, 593, 602, 608, 609], "summary": {"covered_lines": 234, "num_statements": 267, "percent_covered": 87.64044943820225, "percent_covered_display": "88", "missing_lines": 33, "excluded_lines": 8, "percent_statements_covered": 87.64044943820225, "percent_statements_covered_display": "88"}, "missing_lines": [355, 361, 364, 370, 374, 395, 396, 397, 398, 399, 400, 401, 402, 403, 404, 405, 406, 407, 409, 411, 412, 413, 414, 415, 417, 418, 419, 420, 421, 423, 424, 426, 620], "excluded_lines": [136, 157, 192, 198, 253, 256, 265, 268], "functions": {"FFMpegFilter.pre_dict": {"executed_lines": [280], "summary": {"covered_lines": 1, "num_statements": 1, "percent_covered": 100.0, "percent_covered_display": "100", "missing_lines": 0, "excluded_lines": 0, "percent_statements_covered": 100.0, "percent_statements_covered_display": "100"}, "missing_lines": [], "excluded_lines": [], "start_line": 272}, "FFMpegFilter.to_def": {"executed_lines": [294], "summary": {"covered_lines": 1, "num_statements": 1, "percent_covered": 100.0, "percent_covered_display": "100", "missing_lines": 0, "excluded_lines": 0, "percent_statements_covered": 100.0, "percent_statements_covered_display": "100"}, "missing_lines": [], "excluded_lines": [], "start_line": 283}, "FFMpegFilter.input_typings": {"executed_lines": [317, 318, 319, 320, 322, 323, 324, 327, 328, 329, 332, 333, 337], "summary": {"covered_lines": 13, "num_statements": 13, "percent_covered": 100.0, "percent_covered_display": "100", "missing_lines": 0, "excluded_lines": 0, "percent_statements_covered": 100.0, "percent_statements_covered_display": "100"}, "missing_lines": [], "excluded_lines": [], "start_line": 303}, "FFMpegFilter.output_typings": {"executed_lines": [354, 356, 357, 359, 360, 365, 366, 369], "summary": {"covered_lines": 8, "num_statements": 13, "percent_covered": 61.53846153846154, "percent_covered_display": "62", "missing_lines": 5, "excluded_lines": 0, "percent_statements_covered": 61.53846153846154, "percent_statements_covered_display": "62"}, "missing_lines": [355, 361, 364, 370, 374], "excluded_lines": [], "start_line": 340}, "FFMpegFilter.filter_type": {"executed_lines": [], "summary": {"covered_lines": 0, "num_statements": 27, "percent_covered": 0.0, "percent_covered_display": "0", "missing_lines": 27, "excluded_lines": 0, "percent_statements_covered": 0.0, "percent_statements_covered_display": "0"}, "missing_lines": [395, 396, 397, 398, 399, 400, 401, 402, 403, 404, 405, 406, 407, 409, 411, 412, 413, 414, 415, 417, 418, 419, 420, 421, 423, 424, 426], "excluded_lines": [], "start_line": 377}, "FFMpegOption.is_input_option": {"executed_lines": [579], "summary": {"covered_lines": 1, "num_statements": 1, "percent_covered": 100.0, "percent_covered_display": "100", "missing_lines": 0, "excluded_lines": 0, "percent_statements_covered": 100.0, "percent_statements_covered_display": "100"}, "missing_lines": [], "excluded_lines": [], "start_line": 571}, "FFMpegOption.is_output_option": {"executed_lines": [590], "summary": {"covered_lines": 1, "num_statements": 1, "percent_covered": 100.0, "percent_covered_display": "100", "missing_lines": 0, "excluded_lines": 0, "percent_statements_covered": 100.0, "percent_statements_covered_display": "100"}, "missing_lines": [], "excluded_lines": [], "start_line": 582}, "FFMpegOption.is_global_option": {"executed_lines": [602], "summary": {"covered_lines": 1, "num_statements": 1, "percent_covered": 100.0, "percent_covered_display": "100", "missing_lines": 0, "excluded_lines": 0, "percent_statements_covered": 100.0, "percent_statements_covered_display": "100"}, "missing_lines": [], "excluded_lines": [], "start_line": 593}, "FFMpegOption.is_support_stream_specifier": {"executed_lines": [], "summary": {"covered_lines": 0, "num_statements": 1, "percent_covered": 0.0, "percent_covered_display": "0", "missing_lines": 1, "excluded_lines": 0, "percent_statements_covered": 0.0, "percent_statements_covered_display": "0"}, "missing_lines": [620], "excluded_lines": [], "start_line": 609}, "": {"executed_lines": [9, 11, 12, 13, 15, 18, 19, 29, 30, 32, 33, 36, 37, 46, 47, 48, 49, 50, 51, 52, 53, 54, 55, 56, 57, 58, 59, 60, 61, 64, 65, 74, 75, 77, 78, 80, 81, 83, 84, 86, 87, 89, 90, 92, 93, 95, 96, 98, 99, 102, 103, 111, 112, 114, 115, 117, 118, 120, 121, 124, 125, 133, 134, 137, 139, 140, 142, 143, 145, 146, 148, 149, 151, 152, 154, 155, 158, 160, 161, 164, 165, 173, 174, 176, 177, 180, 181, 189, 190, 193, 199, 205, 206, 215, 216, 218, 219, 221, 222, 224, 225, 228, 229, 231, 232, 234, 235, 237, 238, 240, 241, 243, 244, 247, 248, 250, 251, 254, 257, 259, 260, 262, 263, 266, 269, 271, 272, 282, 283, 302, 303, 339, 340, 376, 377, 429, 430, 433, 434, 441, 442, 446, 447, 451, 452, 453, 454, 456, 457, 461, 462, 467, 468, 472, 473, 478, 479, 482, 483, 486, 488, 489, 492, 493, 497, 498, 501, 502, 507, 508, 517, 518, 520, 521, 523, 524, 526, 527, 529, 530, 532, 533, 535, 536, 538, 539, 542, 543, 552, 553, 555, 556, 558, 559, 561, 562, 564, 565, 567, 568, 570, 571, 581, 582, 592, 593, 608, 609], "summary": {"covered_lines": 208, "num_statements": 208, "percent_covered": 100.0, "percent_covered_display": "100", "missing_lines": 0, "excluded_lines": 8, "percent_statements_covered": 100.0, "percent_statements_covered_display": "100"}, "missing_lines": [], "excluded_lines": [136, 157, 192, 198, 253, 256, 265, 268], "start_line": 1}}, "classes": {"StreamType": {"executed_lines": [], "summary": {"covered_lines": 0, "num_statements": 0, "percent_covered": 100.0, "percent_covered_display": "100", "missing_lines": 0, "excluded_lines": 0, "percent_statements_covered": 100.0, "percent_statements_covered_display": "100"}, "missing_lines": [], "excluded_lines": [], "start_line": 19}, "FFMpegFilterOptionType": {"executed_lines": [], "summary": {"covered_lines": 0, "num_statements": 0, "percent_covered": 100.0, "percent_covered_display": "100", "missing_lines": 0, "excluded_lines": 0, "percent_statements_covered": 100.0, "percent_statements_covered_display": "100"}, "missing_lines": [], "excluded_lines": [], "start_line": 37}, "FFMpegFilterType": {"executed_lines": [], "summary": {"covered_lines": 0, "num_statements": 0, "percent_covered": 100.0, "percent_covered_display": "100", "missing_lines": 0, "excluded_lines": 0, "percent_statements_covered": 100.0, "percent_statements_covered_display": "100"}, "missing_lines": [], "excluded_lines": [], "start_line": 65}, "FFMpegFilterOptionChoice": {"executed_lines": [], "summary": {"covered_lines": 0, "num_statements": 0, "percent_covered": 100.0, "percent_covered_display": "100", "missing_lines": 0, "excluded_lines": 0, "percent_statements_covered": 100.0, "percent_statements_covered_display": "100"}, "missing_lines": [], "excluded_lines": [], "start_line": 103}, "FFMpegFilterOption": {"executed_lines": [], "summary": {"covered_lines": 0, "num_statements": 0, "percent_covered": 100.0, "percent_covered_display": "100", "missing_lines": 0, "excluded_lines": 0, "percent_statements_covered": 100.0, "percent_statements_covered_display": "100"}, "missing_lines": [], "excluded_lines": [], "start_line": 125}, "FFMpegIOType": {"executed_lines": [], "summary": {"covered_lines": 0, "num_statements": 0, "percent_covered": 100.0, "percent_covered_display": "100", "missing_lines": 0, "excluded_lines": 0, "percent_statements_covered": 100.0, "percent_statements_covered_display": "100"}, "missing_lines": [], "excluded_lines": [], "start_line": 165}, "FFMpegFilterDef": {"executed_lines": [], "summary": {"covered_lines": 0, "num_statements": 0, "percent_covered": 100.0, "percent_covered_display": "100", "missing_lines": 0, "excluded_lines": 0, "percent_statements_covered": 100.0, "percent_statements_covered_display": "100"}, "missing_lines": [], "excluded_lines": [], "start_line": 181}, "FFMpegFilter": {"executed_lines": [280, 294, 317, 318, 319, 320, 322, 323, 324, 327, 328, 329, 332, 333, 337, 354, 356, 357, 359, 360, 365, 366, 369], "summary": {"covered_lines": 23, "num_statements": 55, "percent_covered": 41.81818181818182, "percent_covered_display": "42", "missing_lines": 32, "excluded_lines": 0, "percent_statements_covered": 41.81818181818182, "percent_statements_covered_display": "42"}, "missing_lines": [355, 361, 364, 370, 374, 395, 396, 397, 398, 399, 400, 401, 402, 403, 404, 405, 406, 407, 409, 411, 412, 413, 414, 415, 417, 418, 419, 420, 421, 423, 424, 426], "excluded_lines": [], "start_line": 206}, "FFMpegOptionFlag": {"executed_lines": [], "summary": {"covered_lines": 0, "num_statements": 0, "percent_covered": 100.0, "percent_covered_display": "100", "missing_lines": 0, "excluded_lines": 0, "percent_statements_covered": 100.0, "percent_statements_covered_display": "100"}, "missing_lines": [], "excluded_lines": [], "start_line": 430}, "FFMpegOptionType": {"executed_lines": [], "summary": {"covered_lines": 0, "num_statements": 0, "percent_covered": 100.0, "percent_covered_display": "100", "missing_lines": 0, "excluded_lines": 0, "percent_statements_covered": 100.0, "percent_statements_covered_display": "100"}, "missing_lines": [], "excluded_lines": [], "start_line": 508}, "FFMpegOption": {"executed_lines": [579, 590, 602], "summary": {"covered_lines": 3, "num_statements": 4, "percent_covered": 75.0, "percent_covered_display": "75", "missing_lines": 1, "excluded_lines": 0, "percent_statements_covered": 75.0, "percent_statements_covered_display": "75"}, "missing_lines": [620], "excluded_lines": [], "start_line": 543}, "": {"executed_lines": [9, 11, 12, 13, 15, 18, 19, 29, 30, 32, 33, 36, 37, 46, 47, 48, 49, 50, 51, 52, 53, 54, 55, 56, 57, 58, 59, 60, 61, 64, 65, 74, 75, 77, 78, 80, 81, 83, 84, 86, 87, 89, 90, 92, 93, 95, 96, 98, 99, 102, 103, 111, 112, 114, 115, 117, 118, 120, 121, 124, 125, 133, 134, 137, 139, 140, 142, 143, 145, 146, 148, 149, 151, 152, 154, 155, 158, 160, 161, 164, 165, 173, 174, 176, 177, 180, 181, 189, 190, 193, 199, 205, 206, 215, 216, 218, 219, 221, 222, 224, 225, 228, 229, 231, 232, 234, 235, 237, 238, 240, 241, 243, 244, 247, 248, 250, 251, 254, 257, 259, 260, 262, 263, 266, 269, 271, 272, 282, 283, 302, 303, 339, 340, 376, 377, 429, 430, 433, 434, 441, 442, 446, 447, 451, 452, 453, 454, 456, 457, 461, 462, 467, 468, 472, 473, 478, 479, 482, 483, 486, 488, 489, 492, 493, 497, 498, 501, 502, 507, 508, 517, 518, 520, 521, 523, 524, 526, 527, 529, 530, 532, 533, 535, 536, 538, 539, 542, 543, 552, 553, 555, 556, 558, 559, 561, 562, 564, 565, 567, 568, 570, 571, 581, 582, 592, 593, 608, 609], "summary": {"covered_lines": 208, "num_statements": 208, "percent_covered": 100.0, "percent_covered_display": "100", "missing_lines": 0, "excluded_lines": 8, "percent_statements_covered": 100.0, "percent_statements_covered_display": "100"}, "missing_lines": [], "excluded_lines": [136, 157, 192, 198, 253, 256, 265, 268], "start_line": 1}}}, "src/ffmpeg/common/serialize.py": {"executed_lines": [10, 12, 13, 14, 15, 16, 18, 20, 21, 26, 42, 45, 47, 50, 53, 55, 56, 59, 84, 85, 88, 114, 115, 117, 118, 120, 123, 149, 150, 151, 153, 155, 157, 159, 162, 185, 188, 212, 213, 214, 216, 217, 218, 220, 221, 228, 229, 233, 237, 261, 262], "summary": {"covered_lines": 51, "num_statements": 53, "percent_covered": 96.22641509433963, "percent_covered_display": "96", "missing_lines": 2, "excluded_lines": 4, "percent_statements_covered": 96.22641509433963, "percent_statements_covered_display": "96"}, "missing_lines": [215, 219], "excluded_lines": [60, 163, 189, 238], "functions": {"serializable": {"executed_lines": [42, 45, 47], "summary": {"covered_lines": 3, "num_statements": 3, "percent_covered": 100.0, "percent_covered_display": "100", "missing_lines": 0, "excluded_lines": 0, "percent_statements_covered": 100.0, "percent_statements_covered_display": "100"}, "missing_lines": [], "excluded_lines": [], "start_line": 26}, "Serializable.__init_subclass__": {"executed_lines": [55, 56], "summary": {"covered_lines": 2, "num_statements": 2, "percent_covered": 100.0, "percent_covered_display": "100", "missing_lines": 0, "excluded_lines": 0, "percent_statements_covered": 100.0, "percent_statements_covered_display": "100"}, "missing_lines": [], "excluded_lines": [], "start_line": 53}, "load_class": {"executed_lines": [84, 85], "summary": {"covered_lines": 2, "num_statements": 2, "percent_covered": 100.0, "percent_covered_display": "100", "missing_lines": 0, "excluded_lines": 1, "percent_statements_covered": 100.0, "percent_statements_covered_display": "100"}, "missing_lines": [], "excluded_lines": [60], "start_line": 59}, "frozen": {"executed_lines": [114, 115, 117, 118, 120], "summary": {"covered_lines": 5, "num_statements": 5, "percent_covered": 100.0, "percent_covered_display": "100", "missing_lines": 0, "excluded_lines": 0, "percent_statements_covered": 100.0, "percent_statements_covered_display": "100"}, "missing_lines": [], "excluded_lines": [], "start_line": 88}, "object_hook": {"executed_lines": [149, 150, 151, 153, 155, 157, 159], "summary": {"covered_lines": 7, "num_statements": 7, "percent_covered": 100.0, "percent_covered_display": "100", "missing_lines": 0, "excluded_lines": 0, "percent_statements_covered": 100.0, "percent_statements_covered_display": "100"}, "missing_lines": [], "excluded_lines": [], "start_line": 123}, "loads": {"executed_lines": [185], "summary": {"covered_lines": 1, "num_statements": 1, "percent_covered": 100.0, "percent_covered_display": "100", "missing_lines": 0, "excluded_lines": 1, "percent_statements_covered": 100.0, "percent_statements_covered_display": "100"}, "missing_lines": [], "excluded_lines": [163], "start_line": 162}, "to_dict_with_class_info": {"executed_lines": [212, 213, 214, 216, 217, 218, 220, 221, 228, 229, 233], "summary": {"covered_lines": 11, "num_statements": 13, "percent_covered": 84.61538461538461, "percent_covered_display": "85", "missing_lines": 2, "excluded_lines": 1, "percent_statements_covered": 84.61538461538461, "percent_statements_covered_display": "85"}, "missing_lines": [215, 219], "excluded_lines": [189], "start_line": 188}, "dumps": {"executed_lines": [261, 262], "summary": {"covered_lines": 2, "num_statements": 2, "percent_covered": 100.0, "percent_covered_display": "100", "missing_lines": 0, "excluded_lines": 1, "percent_statements_covered": 100.0, "percent_statements_covered_display": "100"}, "missing_lines": [], "excluded_lines": [238], "start_line": 237}, "": {"executed_lines": [10, 12, 13, 14, 15, 16, 18, 20, 21, 26, 50, 53, 59, 88, 123, 162, 188, 237], "summary": {"covered_lines": 18, "num_statements": 18, "percent_covered": 100.0, "percent_covered_display": "100", "missing_lines": 0, "excluded_lines": 0, "percent_statements_covered": 100.0, "percent_statements_covered_display": "100"}, "missing_lines": [], "excluded_lines": [], "start_line": 1}}, "classes": {"Serializable": {"executed_lines": [55, 56], "summary": {"covered_lines": 2, "num_statements": 2, "percent_covered": 100.0, "percent_covered_display": "100", "missing_lines": 0, "excluded_lines": 0, "percent_statements_covered": 100.0, "percent_statements_covered_display": "100"}, "missing_lines": [], "excluded_lines": [], "start_line": 50}, "": {"executed_lines": [10, 12, 13, 14, 15, 16, 18, 20, 21, 26, 42, 45, 47, 50, 53, 59, 84, 85, 88, 114, 115, 117, 118, 120, 123, 149, 150, 151, 153, 155, 157, 159, 162, 185, 188, 212, 213, 214, 216, 217, 218, 220, 221, 228, 229, 233, 237, 261, 262], "summary": {"covered_lines": 49, "num_statements": 51, "percent_covered": 96.07843137254902, "percent_covered_display": "96", "missing_lines": 2, "excluded_lines": 4, "percent_statements_covered": 96.07843137254902, "percent_statements_covered_display": "96"}, "missing_lines": [215, 219], "excluded_lines": [60, 163, 189, 238], "start_line": 1}}}, "src/ffmpeg/common/tests/__init__.py": {"executed_lines": [], "summary": {"covered_lines": 0, "num_statements": 0, "percent_covered": 100.0, "percent_covered_display": "100", "missing_lines": 0, "excluded_lines": 0, "percent_statements_covered": 100.0, "percent_statements_covered_display": "100"}, "missing_lines": [], "excluded_lines": [], "functions": {"": {"executed_lines": [], "summary": {"covered_lines": 0, "num_statements": 0, "percent_covered": 100.0, "percent_covered_display": "100", "missing_lines": 0, "excluded_lines": 0, "percent_statements_covered": 100.0, "percent_statements_covered_display": "100"}, "missing_lines": [], "excluded_lines": [], "start_line": 1}}, "classes": {"": {"executed_lines": [], "summary": {"covered_lines": 0, "num_statements": 0, "percent_covered": 100.0, "percent_covered_display": "100", "missing_lines": 0, "excluded_lines": 0, "percent_statements_covered": 100.0, "percent_statements_covered_display": "100"}, "missing_lines": [], "excluded_lines": [], "start_line": 1}}}, "src/ffmpeg/compile/__init__.py": {"executed_lines": [], "summary": {"covered_lines": 0, "num_statements": 0, "percent_covered": 100.0, "percent_covered_display": "100", "missing_lines": 0, "excluded_lines": 0, "percent_statements_covered": 100.0, "percent_statements_covered_display": "100"}, "missing_lines": [], "excluded_lines": [], "functions": {"": {"executed_lines": [], "summary": {"covered_lines": 0, "num_statements": 0, "percent_covered": 100.0, "percent_covered_display": "100", "missing_lines": 0, "excluded_lines": 0, "percent_statements_covered": 100.0, "percent_statements_covered_display": "100"}, "missing_lines": [], "excluded_lines": [], "start_line": 1}}, "classes": {"": {"executed_lines": [], "summary": {"covered_lines": 0, "num_statements": 0, "percent_covered": 100.0, "percent_covered_display": "100", "missing_lines": 0, "excluded_lines": 0, "percent_statements_covered": 100.0, "percent_statements_covered_display": "100"}, "missing_lines": [], "excluded_lines": [], "start_line": 1}}}, "src/ffmpeg/compile/compile_cli.py": {"executed_lines": [17, 19, 20, 21, 22, 23, 24, 25, 27, 28, 29, 30, 31, 39, 40, 41, 42, 43, 44, 45, 46, 47, 48, 49, 50, 52, 55, 63, 64, 67, 75, 76, 79, 96, 98, 99, 100, 101, 103, 104, 107, 108, 109, 112, 113, 114, 115, 117, 120, 143, 145, 146, 148, 150, 151, 153, 154, 155, 156, 158, 160, 161, 162, 163, 164, 165, 166, 168, 169, 170, 171, 172, 173, 174, 177, 178, 181, 193, 196, 216, 218, 219, 221, 222, 224, 225, 226, 228, 229, 231, 232, 233, 234, 235, 236, 238, 240, 241, 247, 249, 250, 251, 252, 254, 256, 257, 259, 261, 262, 264, 267, 284, 286, 287, 288, 289, 291, 293, 294, 296, 297, 307, 309, 311, 314, 342, 344, 345, 355, 356, 358, 359, 361, 362, 363, 364, 367, 368, 369, 370, 371, 372, 373, 374, 376, 377, 378, 385, 390, 400, 403, 404, 405, 408, 409, 415, 418, 442, 443, 444, 446, 447, 448, 450, 452, 453, 455, 456, 459, 485, 486, 488, 489, 490, 493, 496, 497, 498, 500, 501, 502, 503, 506, 508, 510, 517, 518, 519, 520, 523, 542, 547, 616, 617, 618, 621, 622, 623, 624, 627, 628, 629, 632, 633, 635, 636, 638, 639, 641, 643, 646, 647, 649, 651, 654, 655, 656, 658, 661, 691, 692, 693, 695, 696, 698, 699, 700, 701, 702, 703, 704, 705, 708, 709, 710, 711, 714, 715, 716, 717, 720, 725, 726, 727, 728, 737, 762, 763, 765, 766, 768, 769, 771, 772, 773, 778, 779, 781, 782, 784, 785, 791, 794, 815, 816, 817, 818, 819, 820, 821, 823, 824, 825, 828, 850, 852, 853, 854, 861, 870, 871, 872, 874, 876, 878, 879, 880, 881, 882, 883, 885, 886, 887, 890, 911, 912, 913, 914, 915, 916, 917, 919, 920, 923, 943, 945, 946, 947, 948, 949, 950, 951, 952, 953, 958, 979, 980, 981, 982, 983, 984, 985, 986], "summary": {"covered_lines": 323, "num_statements": 338, "percent_covered": 95.56213017751479, "percent_covered_display": "96", "missing_lines": 15, "excluded_lines": 5, "percent_statements_covered": 95.56213017751479, "percent_statements_covered_display": "96"}, "missing_lines": [175, 176, 298, 300, 302, 303, 305, 412, 413, 721, 729, 730, 731, 954, 955], "excluded_lines": [484, 550, 722, 732, 959], "functions": {"get_options_dict": {"executed_lines": [63, 64], "summary": {"covered_lines": 2, "num_statements": 2, "percent_covered": 100.0, "percent_covered_display": "100", "missing_lines": 0, "excluded_lines": 0, "percent_statements_covered": 100.0, "percent_statements_covered_display": "100"}, "missing_lines": [], "excluded_lines": [], "start_line": 55}, "get_filter_dict": {"executed_lines": [75, 76], "summary": {"covered_lines": 2, "num_statements": 2, "percent_covered": 100.0, "percent_covered_display": "100", "missing_lines": 0, "excluded_lines": 0, "percent_statements_covered": 100.0, "percent_statements_covered_display": "100"}, "missing_lines": [], "excluded_lines": [], "start_line": 67}, "parse_options": {"executed_lines": [96, 98, 99, 100, 101, 103, 104, 107, 108, 109, 112, 113, 114, 115, 117], "summary": {"covered_lines": 15, "num_statements": 15, "percent_covered": 100.0, "percent_covered_display": "100", "missing_lines": 0, "excluded_lines": 0, "percent_statements_covered": 100.0, "percent_statements_covered_display": "100"}, "missing_lines": [], "excluded_lines": [], "start_line": 79}, "parse_stream_selector": {"executed_lines": [143, 145, 146, 148, 150, 151, 153, 154, 155, 156, 158, 160, 161, 162, 163, 164, 165, 166, 168, 169, 170, 171, 172, 173, 174, 177, 178], "summary": {"covered_lines": 27, "num_statements": 29, "percent_covered": 93.10344827586206, "percent_covered_display": "93", "missing_lines": 2, "excluded_lines": 0, "percent_statements_covered": 93.10344827586206, "percent_statements_covered_display": "93"}, "missing_lines": [175, 176], "excluded_lines": [], "start_line": 120}, "_is_filename": {"executed_lines": [193], "summary": {"covered_lines": 1, "num_statements": 1, "percent_covered": 100.0, "percent_covered_display": "100", "missing_lines": 0, "excluded_lines": 0, "percent_statements_covered": 100.0, "percent_statements_covered_display": "100"}, "missing_lines": [], "excluded_lines": [], "start_line": 181}, "parse_output": {"executed_lines": [216, 218, 219, 221, 222, 224, 225, 226, 228, 229, 231, 232, 233, 234, 235, 236, 238, 240, 241, 247, 249, 250, 251, 252, 254, 256, 257, 259, 261, 262, 264], "summary": {"covered_lines": 31, "num_statements": 31, "percent_covered": 100.0, "percent_covered_display": "100", "missing_lines": 0, "excluded_lines": 0, "percent_statements_covered": 100.0, "percent_statements_covered_display": "100"}, "missing_lines": [], "excluded_lines": [], "start_line": 196}, "parse_input": {"executed_lines": [284, 286, 287, 288, 289, 291, 293, 294, 296, 297, 307, 309, 311], "summary": {"covered_lines": 13, "num_statements": 18, "percent_covered": 72.22222222222223, "percent_covered_display": "72", "missing_lines": 5, "excluded_lines": 0, "percent_statements_covered": 72.22222222222223, "percent_statements_covered_display": "72"}, "missing_lines": [298, 300, 302, 303, 305], "excluded_lines": [], "start_line": 267}, "parse_filter_complex": {"executed_lines": [342, 344, 345, 355, 356, 358, 361, 362, 363, 364, 367, 368, 369, 370, 371, 372, 373, 374, 376, 377, 378, 385, 390, 400, 403, 404, 405, 408, 409, 415], "summary": {"covered_lines": 30, "num_statements": 32, "percent_covered": 93.75, "percent_covered_display": "94", "missing_lines": 2, "excluded_lines": 0, "percent_statements_covered": 93.75, "percent_statements_covered_display": "94"}, "missing_lines": [412, 413], "excluded_lines": [], "start_line": 314}, "parse_filter_complex.extract_labels": {"executed_lines": [359], "summary": {"covered_lines": 1, "num_statements": 1, "percent_covered": 100.0, "percent_covered_display": "100", "missing_lines": 0, "excluded_lines": 0, "percent_statements_covered": 100.0, "percent_statements_covered_display": "100"}, "missing_lines": [], "excluded_lines": [], "start_line": 358}, "parse_global": {"executed_lines": [442, 443, 444, 446, 447, 448, 450, 452, 453, 455, 456], "summary": {"covered_lines": 11, "num_statements": 11, "percent_covered": 100.0, "percent_covered_display": "100", "missing_lines": 0, "excluded_lines": 0, "percent_statements_covered": 100.0, "percent_statements_covered_display": "100"}, "missing_lines": [], "excluded_lines": [], "start_line": 418}, "parse": {"executed_lines": [485, 486, 488, 489, 490, 493, 496, 497, 498, 500, 501, 502, 503, 506, 508, 510, 517, 518, 519, 520], "summary": {"covered_lines": 20, "num_statements": 20, "percent_covered": 100.0, "percent_covered_display": "100", "missing_lines": 0, "excluded_lines": 1, "percent_statements_covered": 100.0, "percent_statements_covered_display": "100"}, "missing_lines": [], "excluded_lines": [484], "start_line": 459}, "compile": {"executed_lines": [542], "summary": {"covered_lines": 1, "num_statements": 1, "percent_covered": 100.0, "percent_covered_display": "100", "missing_lines": 0, "excluded_lines": 0, "percent_statements_covered": 100.0, "percent_statements_covered_display": "100"}, "missing_lines": [], "excluded_lines": [], "start_line": 523}, "compile_as_list": {"executed_lines": [616, 617, 618, 621, 622, 623, 624, 627, 628, 629, 632, 633, 635, 636, 638, 639, 641, 643, 646, 647, 649, 651, 654, 655, 656, 658], "summary": {"covered_lines": 26, "num_statements": 26, "percent_covered": 100.0, "percent_covered_display": "100", "missing_lines": 0, "excluded_lines": 1, "percent_statements_covered": 100.0, "percent_statements_covered_display": "100"}, "missing_lines": [], "excluded_lines": [550], "start_line": 547}, "get_stream_label": {"executed_lines": [691, 692, 693, 695, 696, 698, 699, 700, 701, 702, 703, 704, 705, 708, 709, 710, 711, 714, 715, 716, 717, 720, 725, 726, 727, 728], "summary": {"covered_lines": 26, "num_statements": 30, "percent_covered": 86.66666666666667, "percent_covered_display": "87", "missing_lines": 4, "excluded_lines": 2, "percent_statements_covered": 86.66666666666667, "percent_statements_covered_display": "87"}, "missing_lines": [721, 729, 730, 731], "excluded_lines": [722, 732], "start_line": 661}, "get_args_filter_node": {"executed_lines": [762, 763, 765, 766, 768, 769, 771, 772, 773, 778, 779, 781, 782, 784, 785, 791], "summary": {"covered_lines": 16, "num_statements": 16, "percent_covered": 100.0, "percent_covered_display": "100", "missing_lines": 0, "excluded_lines": 0, "percent_statements_covered": 100.0, "percent_statements_covered_display": "100"}, "missing_lines": [], "excluded_lines": [], "start_line": 737}, "get_args_input_node": {"executed_lines": [815, 816, 817, 818, 819, 820, 821, 823, 824, 825], "summary": {"covered_lines": 10, "num_statements": 10, "percent_covered": 100.0, "percent_covered_display": "100", "missing_lines": 0, "excluded_lines": 0, "percent_statements_covered": 100.0, "percent_statements_covered_display": "100"}, "missing_lines": [], "excluded_lines": [], "start_line": 794}, "get_args_output_node": {"executed_lines": [850, 852, 853, 854, 861, 870, 871, 872, 874, 876, 878, 879, 880, 881, 882, 883, 885, 886, 887], "summary": {"covered_lines": 19, "num_statements": 19, "percent_covered": 100.0, "percent_covered_display": "100", "missing_lines": 0, "excluded_lines": 0, "percent_statements_covered": 100.0, "percent_statements_covered_display": "100"}, "missing_lines": [], "excluded_lines": [], "start_line": 828}, "get_args_global_node": {"executed_lines": [911, 912, 913, 914, 915, 916, 917, 919, 920], "summary": {"covered_lines": 9, "num_statements": 9, "percent_covered": 100.0, "percent_covered_display": "100", "missing_lines": 0, "excluded_lines": 0, "percent_statements_covered": 100.0, "percent_statements_covered_display": "100"}, "missing_lines": [], "excluded_lines": [], "start_line": 890}, "get_args": {"executed_lines": [943, 945, 946, 947, 948, 949, 950, 951, 952, 953], "summary": {"covered_lines": 10, "num_statements": 12, "percent_covered": 83.33333333333333, "percent_covered_display": "83", "missing_lines": 2, "excluded_lines": 0, "percent_statements_covered": 83.33333333333333, "percent_statements_covered_display": "83"}, "missing_lines": [954, 955], "excluded_lines": [], "start_line": 923}, "get_node_label": {"executed_lines": [979, 980, 981, 982, 983, 984, 985, 986], "summary": {"covered_lines": 8, "num_statements": 8, "percent_covered": 100.0, "percent_covered_display": "100", "missing_lines": 0, "excluded_lines": 1, "percent_statements_covered": 100.0, "percent_statements_covered_display": "100"}, "missing_lines": [], "excluded_lines": [959], "start_line": 958}, "": {"executed_lines": [17, 19, 20, 21, 22, 23, 24, 25, 27, 28, 29, 30, 31, 39, 40, 41, 42, 43, 44, 45, 46, 47, 48, 49, 50, 52, 55, 67, 79, 120, 181, 196, 267, 314, 418, 459, 523, 547, 661, 737, 794, 828, 890, 923, 958], "summary": {"covered_lines": 45, "num_statements": 45, "percent_covered": 100.0, "percent_covered_display": "100", "missing_lines": 0, "excluded_lines": 0, "percent_statements_covered": 100.0, "percent_statements_covered_display": "100"}, "missing_lines": [], "excluded_lines": [], "start_line": 1}}, "classes": {"": {"executed_lines": [17, 19, 20, 21, 22, 23, 24, 25, 27, 28, 29, 30, 31, 39, 40, 41, 42, 43, 44, 45, 46, 47, 48, 49, 50, 52, 55, 63, 64, 67, 75, 76, 79, 96, 98, 99, 100, 101, 103, 104, 107, 108, 109, 112, 113, 114, 115, 117, 120, 143, 145, 146, 148, 150, 151, 153, 154, 155, 156, 158, 160, 161, 162, 163, 164, 165, 166, 168, 169, 170, 171, 172, 173, 174, 177, 178, 181, 193, 196, 216, 218, 219, 221, 222, 224, 225, 226, 228, 229, 231, 232, 233, 234, 235, 236, 238, 240, 241, 247, 249, 250, 251, 252, 254, 256, 257, 259, 261, 262, 264, 267, 284, 286, 287, 288, 289, 291, 293, 294, 296, 297, 307, 309, 311, 314, 342, 344, 345, 355, 356, 358, 359, 361, 362, 363, 364, 367, 368, 369, 370, 371, 372, 373, 374, 376, 377, 378, 385, 390, 400, 403, 404, 405, 408, 409, 415, 418, 442, 443, 444, 446, 447, 448, 450, 452, 453, 455, 456, 459, 485, 486, 488, 489, 490, 493, 496, 497, 498, 500, 501, 502, 503, 506, 508, 510, 517, 518, 519, 520, 523, 542, 547, 616, 617, 618, 621, 622, 623, 624, 627, 628, 629, 632, 633, 635, 636, 638, 639, 641, 643, 646, 647, 649, 651, 654, 655, 656, 658, 661, 691, 692, 693, 695, 696, 698, 699, 700, 701, 702, 703, 704, 705, 708, 709, 710, 711, 714, 715, 716, 717, 720, 725, 726, 727, 728, 737, 762, 763, 765, 766, 768, 769, 771, 772, 773, 778, 779, 781, 782, 784, 785, 791, 794, 815, 816, 817, 818, 819, 820, 821, 823, 824, 825, 828, 850, 852, 853, 854, 861, 870, 871, 872, 874, 876, 878, 879, 880, 881, 882, 883, 885, 886, 887, 890, 911, 912, 913, 914, 915, 916, 917, 919, 920, 923, 943, 945, 946, 947, 948, 949, 950, 951, 952, 953, 958, 979, 980, 981, 982, 983, 984, 985, 986], "summary": {"covered_lines": 323, "num_statements": 338, "percent_covered": 95.56213017751479, "percent_covered_display": "96", "missing_lines": 15, "excluded_lines": 5, "percent_statements_covered": 95.56213017751479, "percent_statements_covered_display": "96"}, "missing_lines": [175, 176, 298, 300, 302, 303, 305, 412, 413, 721, 729, 730, 731, 954, 955], "excluded_lines": [484, 550, 722, 732, 959], "start_line": 1}}}, "src/ffmpeg/compile/compile_json.py": {"executed_lines": [3, 4, 5, 8, 23, 25, 28, 42], "summary": {"covered_lines": 8, "num_statements": 8, "percent_covered": 100.0, "percent_covered_display": "100", "missing_lines": 0, "excluded_lines": 0, "percent_statements_covered": 100.0, "percent_statements_covered_display": "100"}, "missing_lines": [], "excluded_lines": [], "functions": {"compile": {"executed_lines": [23, 25], "summary": {"covered_lines": 2, "num_statements": 2, "percent_covered": 100.0, "percent_covered_display": "100", "missing_lines": 0, "excluded_lines": 0, "percent_statements_covered": 100.0, "percent_statements_covered_display": "100"}, "missing_lines": [], "excluded_lines": [], "start_line": 8}, "parse": {"executed_lines": [42], "summary": {"covered_lines": 1, "num_statements": 1, "percent_covered": 100.0, "percent_covered_display": "100", "missing_lines": 0, "excluded_lines": 0, "percent_statements_covered": 100.0, "percent_statements_covered_display": "100"}, "missing_lines": [], "excluded_lines": [], "start_line": 28}, "": {"executed_lines": [3, 4, 5, 8, 28], "summary": {"covered_lines": 5, "num_statements": 5, "percent_covered": 100.0, "percent_covered_display": "100", "missing_lines": 0, "excluded_lines": 0, "percent_statements_covered": 100.0, "percent_statements_covered_display": "100"}, "missing_lines": [], "excluded_lines": [], "start_line": 1}}, "classes": {"": {"executed_lines": [3, 4, 5, 8, 23, 25, 28, 42], "summary": {"covered_lines": 8, "num_statements": 8, "percent_covered": 100.0, "percent_covered_display": "100", "missing_lines": 0, "excluded_lines": 0, "percent_statements_covered": 100.0, "percent_statements_covered_display": "100"}, "missing_lines": [], "excluded_lines": [], "start_line": 1}}}, "src/ffmpeg/compile/compile_python.py": {"executed_lines": [3, 5, 6, 8, 9, 10, 19, 20, 21, 22, 23, 24, 25, 28, 46, 51, 52, 53, 57, 60, 80, 81, 82, 83, 84, 85, 86, 87, 88, 89, 90, 91, 95, 97, 98, 99, 100, 101, 102, 103, 104, 105, 111, 112, 113, 114, 115, 116, 117, 124, 142, 143, 144, 145, 146, 147, 148, 149, 150, 155, 169, 172, 186, 189, 190, 191, 192, 193, 195, 198, 199, 200, 202, 203, 204, 206, 208, 211, 227, 228, 229, 231, 233, 238, 240, 244, 245, 246, 251, 252, 254, 258, 260, 264, 266, 268, 273, 274, 279, 280, 284, 288, 293, 295, 296, 298, 299, 302, 306, 310, 311, 313, 314, 316, 319, 333, 334, 335, 337, 338], "summary": {"covered_lines": 120, "num_statements": 125, "percent_covered": 96.0, "percent_covered_display": "96", "missing_lines": 5, "excluded_lines": 1, "percent_statements_covered": 96.0, "percent_statements_covered_display": "96"}, "missing_lines": [109, 118, 119, 151, 152], "excluded_lines": [121], "functions": {"filter_stream_typed_index": {"executed_lines": [46, 51, 52, 53, 57], "summary": {"covered_lines": 5, "num_statements": 5, "percent_covered": 100.0, "percent_covered_display": "100", "missing_lines": 0, "excluded_lines": 0, "percent_statements_covered": 100.0, "percent_statements_covered_display": "100"}, "missing_lines": [], "excluded_lines": [], "start_line": 28}, "get_input_var_name": {"executed_lines": [80, 81, 82, 83, 84, 85, 86, 87, 88, 89, 90, 91, 95, 97, 98, 99, 100, 101, 102, 103, 104, 105, 111, 112, 113, 114, 115, 116, 117], "summary": {"covered_lines": 29, "num_statements": 32, "percent_covered": 90.625, "percent_covered_display": "91", "missing_lines": 3, "excluded_lines": 1, "percent_statements_covered": 90.625, "percent_statements_covered_display": "91"}, "missing_lines": [109, 118, 119], "excluded_lines": [121], "start_line": 60}, "get_output_var_name": {"executed_lines": [142, 143, 144, 145, 146, 147, 148, 149, 150], "summary": {"covered_lines": 9, "num_statements": 11, "percent_covered": 81.81818181818181, "percent_covered_display": "82", "missing_lines": 2, "excluded_lines": 0, "percent_statements_covered": 81.81818181818181, "percent_statements_covered_display": "82"}, "missing_lines": [151, 152], "excluded_lines": [], "start_line": 124}, "compile_kwargs": {"executed_lines": [169], "summary": {"covered_lines": 1, "num_statements": 1, "percent_covered": 100.0, "percent_covered_display": "100", "missing_lines": 0, "excluded_lines": 0, "percent_statements_covered": 100.0, "percent_statements_covered_display": "100"}, "missing_lines": [], "excluded_lines": [], "start_line": 155}, "compile_fluent": {"executed_lines": [186, 189, 190, 191, 192, 193, 195, 198, 199, 200, 202, 203, 204, 206, 208], "summary": {"covered_lines": 15, "num_statements": 15, "percent_covered": 100.0, "percent_covered_display": "100", "missing_lines": 0, "excluded_lines": 0, "percent_statements_covered": 100.0, "percent_statements_covered_display": "100"}, "missing_lines": [], "excluded_lines": [], "start_line": 172}, "compile": {"executed_lines": [227, 228, 229, 231, 233, 238, 240, 244, 245, 246, 251, 252, 254, 258, 260, 264, 266, 268, 273, 274, 279, 280, 284, 288, 293, 295, 296, 298, 299, 302, 306, 310, 311, 313, 314, 316], "summary": {"covered_lines": 36, "num_statements": 36, "percent_covered": 100.0, "percent_covered_display": "100", "missing_lines": 0, "excluded_lines": 0, "percent_statements_covered": 100.0, "percent_statements_covered_display": "100"}, "missing_lines": [], "excluded_lines": [], "start_line": 211}, "parse": {"executed_lines": [333, 334, 335, 337, 338], "summary": {"covered_lines": 5, "num_statements": 5, "percent_covered": 100.0, "percent_covered_display": "100", "missing_lines": 0, "excluded_lines": 0, "percent_statements_covered": 100.0, "percent_statements_covered_display": "100"}, "missing_lines": [], "excluded_lines": [], "start_line": 319}, "": {"executed_lines": [3, 5, 6, 8, 9, 10, 19, 20, 21, 22, 23, 24, 25, 28, 60, 124, 155, 172, 211, 319], "summary": {"covered_lines": 20, "num_statements": 20, "percent_covered": 100.0, "percent_covered_display": "100", "missing_lines": 0, "excluded_lines": 0, "percent_statements_covered": 100.0, "percent_statements_covered_display": "100"}, "missing_lines": [], "excluded_lines": [], "start_line": 1}}, "classes": {"": {"executed_lines": [3, 5, 6, 8, 9, 10, 19, 20, 21, 22, 23, 24, 25, 28, 46, 51, 52, 53, 57, 60, 80, 81, 82, 83, 84, 85, 86, 87, 88, 89, 90, 91, 95, 97, 98, 99, 100, 101, 102, 103, 104, 105, 111, 112, 113, 114, 115, 116, 117, 124, 142, 143, 144, 145, 146, 147, 148, 149, 150, 155, 169, 172, 186, 189, 190, 191, 192, 193, 195, 198, 199, 200, 202, 203, 204, 206, 208, 211, 227, 228, 229, 231, 233, 238, 240, 244, 245, 246, 251, 252, 254, 258, 260, 264, 266, 268, 273, 274, 279, 280, 284, 288, 293, 295, 296, 298, 299, 302, 306, 310, 311, 313, 314, 316, 319, 333, 334, 335, 337, 338], "summary": {"covered_lines": 120, "num_statements": 125, "percent_covered": 96.0, "percent_covered_display": "96", "missing_lines": 5, "excluded_lines": 1, "percent_statements_covered": 96.0, "percent_statements_covered_display": "96"}, "missing_lines": [109, 118, 119, 151, 152], "excluded_lines": [121], "start_line": 1}}}, "src/ffmpeg/compile/context.py": {"executed_lines": [10, 12, 13, 14, 15, 16, 18, 19, 20, 22, 25, 40, 41, 43, 44, 45, 46, 48, 51, 68, 69, 71, 72, 73, 74, 76, 79, 80, 92, 93, 101, 109, 115, 116, 131, 133, 139, 140, 152, 154, 155, 168, 173, 174, 187, 189, 190, 191, 193, 195, 196, 208, 210, 211, 213, 215, 216, 227, 228, 230, 231, 232, 234, 236, 237, 253, 254, 255, 257, 258, 259, 260, 261, 262, 263, 265, 267, 269, 270, 285, 287, 288, 309, 310, 326], "summary": {"covered_lines": 85, "num_statements": 86, "percent_covered": 98.83720930232558, "percent_covered_display": "99", "missing_lines": 1, "excluded_lines": 4, "percent_statements_covered": 98.83720930232558, "percent_statements_covered_display": "99"}, "missing_lines": [307], "excluded_lines": [100, 108, 238, 289], "functions": {"_remove_duplicates": {"executed_lines": [40, 41, 43, 44, 45, 46, 48], "summary": {"covered_lines": 7, "num_statements": 7, "percent_covered": 100.0, "percent_covered_display": "100", "missing_lines": 0, "excluded_lines": 0, "percent_statements_covered": 100.0, "percent_statements_covered_display": "100"}, "missing_lines": [], "excluded_lines": [], "start_line": 25}, "_collect": {"executed_lines": [68, 69, 71, 72, 73, 74, 76], "summary": {"covered_lines": 7, "num_statements": 7, "percent_covered": 100.0, "percent_covered_display": "100", "missing_lines": 0, "excluded_lines": 0, "percent_statements_covered": 100.0, "percent_statements_covered_display": "100"}, "missing_lines": [], "excluded_lines": [], "start_line": 51}, "DAGContext.build": {"executed_lines": [131, 133], "summary": {"covered_lines": 2, "num_statements": 2, "percent_covered": 100.0, "percent_covered_display": "100", "missing_lines": 0, "excluded_lines": 0, "percent_statements_covered": 100.0, "percent_statements_covered_display": "100"}, "missing_lines": [], "excluded_lines": [], "start_line": 116}, "DAGContext.all_nodes": {"executed_lines": [152], "summary": {"covered_lines": 1, "num_statements": 1, "percent_covered": 100.0, "percent_covered_display": "100", "missing_lines": 0, "excluded_lines": 0, "percent_statements_covered": 100.0, "percent_statements_covered_display": "100"}, "missing_lines": [], "excluded_lines": [], "start_line": 140}, "DAGContext.all_streams": {"executed_lines": [168], "summary": {"covered_lines": 1, "num_statements": 1, "percent_covered": 100.0, "percent_covered_display": "100", "missing_lines": 0, "excluded_lines": 0, "percent_statements_covered": 100.0, "percent_statements_covered_display": "100"}, "missing_lines": [], "excluded_lines": [], "start_line": 155}, "DAGContext.outgoing_nodes": {"executed_lines": [187, 189, 190, 191, 193], "summary": {"covered_lines": 5, "num_statements": 5, "percent_covered": 100.0, "percent_covered_display": "100", "missing_lines": 0, "excluded_lines": 0, "percent_statements_covered": 100.0, "percent_statements_covered_display": "100"}, "missing_lines": [], "excluded_lines": [], "start_line": 174}, "DAGContext.outgoing_streams": {"executed_lines": [208, 210, 211, 213], "summary": {"covered_lines": 4, "num_statements": 4, "percent_covered": 100.0, "percent_covered_display": "100", "missing_lines": 0, "excluded_lines": 0, "percent_statements_covered": 100.0, "percent_statements_covered_display": "100"}, "missing_lines": [], "excluded_lines": [], "start_line": 196}, "DAGContext.node_ids": {"executed_lines": [227, 228, 230, 231, 232, 234], "summary": {"covered_lines": 6, "num_statements": 6, "percent_covered": 100.0, "percent_covered_display": "100", "missing_lines": 0, "excluded_lines": 0, "percent_statements_covered": 100.0, "percent_statements_covered_display": "100"}, "missing_lines": [], "excluded_lines": [], "start_line": 216}, "DAGContext.node_labels": {"executed_lines": [253, 254, 255, 257, 258, 259, 260, 261, 262, 263, 265, 267], "summary": {"covered_lines": 12, "num_statements": 12, "percent_covered": 100.0, "percent_covered_display": "100", "missing_lines": 0, "excluded_lines": 1, "percent_statements_covered": 100.0, "percent_statements_covered_display": "100"}, "missing_lines": [], "excluded_lines": [238], "start_line": 237}, "DAGContext.get_outgoing_nodes": {"executed_lines": [285], "summary": {"covered_lines": 1, "num_statements": 1, "percent_covered": 100.0, "percent_covered_display": "100", "missing_lines": 0, "excluded_lines": 0, "percent_statements_covered": 100.0, "percent_statements_covered_display": "100"}, "missing_lines": [], "excluded_lines": [], "start_line": 270}, "DAGContext.get_node_label": {"executed_lines": [], "summary": {"covered_lines": 0, "num_statements": 1, "percent_covered": 0.0, "percent_covered_display": "0", "missing_lines": 1, "excluded_lines": 1, "percent_statements_covered": 0.0, "percent_statements_covered_display": "0"}, "missing_lines": [307], "excluded_lines": [289], "start_line": 288}, "DAGContext.get_outgoing_streams": {"executed_lines": [326], "summary": {"covered_lines": 1, "num_statements": 1, "percent_covered": 100.0, "percent_covered_display": "100", "missing_lines": 0, "excluded_lines": 0, "percent_statements_covered": 100.0, "percent_statements_covered_display": "100"}, "missing_lines": [], "excluded_lines": [], "start_line": 310}, "": {"executed_lines": [10, 12, 13, 14, 15, 16, 18, 19, 20, 22, 25, 51, 79, 80, 92, 93, 101, 109, 115, 116, 139, 140, 154, 155, 173, 174, 195, 196, 215, 216, 236, 237, 269, 270, 287, 288, 309, 310], "summary": {"covered_lines": 38, "num_statements": 38, "percent_covered": 100.0, "percent_covered_display": "100", "missing_lines": 0, "excluded_lines": 2, "percent_statements_covered": 100.0, "percent_statements_covered_display": "100"}, "missing_lines": [], "excluded_lines": [100, 108], "start_line": 1}}, "classes": {"DAGContext": {"executed_lines": [131, 133, 152, 168, 187, 189, 190, 191, 193, 208, 210, 211, 213, 227, 228, 230, 231, 232, 234, 253, 254, 255, 257, 258, 259, 260, 261, 262, 263, 265, 267, 285, 326], "summary": {"covered_lines": 33, "num_statements": 34, "percent_covered": 97.05882352941177, "percent_covered_display": "97", "missing_lines": 1, "excluded_lines": 2, "percent_statements_covered": 97.05882352941177, "percent_statements_covered_display": "97"}, "missing_lines": [307], "excluded_lines": [238, 289], "start_line": 80}, "": {"executed_lines": [10, 12, 13, 14, 15, 16, 18, 19, 20, 22, 25, 40, 41, 43, 44, 45, 46, 48, 51, 68, 69, 71, 72, 73, 74, 76, 79, 80, 92, 93, 101, 109, 115, 116, 139, 140, 154, 155, 173, 174, 195, 196, 215, 216, 236, 237, 269, 270, 287, 288, 309, 310], "summary": {"covered_lines": 52, "num_statements": 52, "percent_covered": 100.0, "percent_covered_display": "100", "missing_lines": 0, "excluded_lines": 2, "percent_statements_covered": 100.0, "percent_statements_covered_display": "100"}, "missing_lines": [], "excluded_lines": [100, 108], "start_line": 1}}}, "src/ffmpeg/compile/tests/__init__.py": {"executed_lines": [], "summary": {"covered_lines": 0, "num_statements": 0, "percent_covered": 100.0, "percent_covered_display": "100", "missing_lines": 0, "excluded_lines": 0, "percent_statements_covered": 100.0, "percent_statements_covered_display": "100"}, "missing_lines": [], "excluded_lines": [], "functions": {"": {"executed_lines": [], "summary": {"covered_lines": 0, "num_statements": 0, "percent_covered": 100.0, "percent_covered_display": "100", "missing_lines": 0, "excluded_lines": 0, "percent_statements_covered": 100.0, "percent_statements_covered_display": "100"}, "missing_lines": [], "excluded_lines": [], "start_line": 1}}, "classes": {"": {"executed_lines": [], "summary": {"covered_lines": 0, "num_statements": 0, "percent_covered": 100.0, "percent_covered_display": "100", "missing_lines": 0, "excluded_lines": 0, "percent_statements_covered": 100.0, "percent_statements_covered_display": "100"}, "missing_lines": [], "excluded_lines": [], "start_line": 1}}}, "src/ffmpeg/compile/tests/cases.py": {"executed_lines": [1, 8, 9, 10, 13, 14, 15, 18, 19, 20, 21, 24, 25, 26, 27, 28, 30, 31, 33, 34, 37, 38, 39, 44, 47, 48, 49, 50, 51, 54, 55, 56, 58, 59, 61, 62, 63, 66, 67, 69, 72, 75, 76, 78, 81, 84, 85, 86, 87, 91, 94, 95, 96, 97, 100, 101, 102, 107, 110, 111, 112, 114, 117, 120, 125, 128, 129, 132, 133, 141, 142, 145, 146, 149, 150, 155], "summary": {"covered_lines": 76, "num_statements": 76, "percent_covered": 100.0, "percent_covered_display": "100", "missing_lines": 0, "excluded_lines": 3, "percent_statements_covered": 100.0, "percent_statements_covered_display": "100"}, "missing_lines": [], "excluded_lines": [3, 4, 5], "functions": {"simple_global_args": {"executed_lines": [9, 10], "summary": {"covered_lines": 2, "num_statements": 2, "percent_covered": 100.0, "percent_covered_display": "100", "missing_lines": 0, "excluded_lines": 0, "percent_statements_covered": 100.0, "percent_statements_covered_display": "100"}, "missing_lines": [], "excluded_lines": [], "start_line": 8}, "not_utilize_split": {"executed_lines": [14, 15], "summary": {"covered_lines": 2, "num_statements": 2, "percent_covered": 100.0, "percent_covered_display": "100", "missing_lines": 0, "excluded_lines": 0, "percent_statements_covered": 100.0, "percent_statements_covered_display": "100"}, "missing_lines": [], "excluded_lines": [], "start_line": 13}, "redundant_split_outputs_1": {"executed_lines": [19, 20, 21], "summary": {"covered_lines": 3, "num_statements": 3, "percent_covered": 100.0, "percent_covered_display": "100", "missing_lines": 0, "excluded_lines": 0, "percent_statements_covered": 100.0, "percent_statements_covered_display": "100"}, "missing_lines": [], "excluded_lines": [], "start_line": 18}, "redundant_split_duplicate": {"executed_lines": [25, 26, 27, 28, 30, 31, 33, 34], "summary": {"covered_lines": 8, "num_statements": 8, "percent_covered": 100.0, "percent_covered_display": "100", "missing_lines": 0, "excluded_lines": 0, "percent_statements_covered": 100.0, "percent_statements_covered_display": "100"}, "missing_lines": [], "excluded_lines": [], "start_line": 24}, "reuse_input": {"executed_lines": [38, 39, 44], "summary": {"covered_lines": 3, "num_statements": 3, "percent_covered": 100.0, "percent_covered_display": "100", "missing_lines": 0, "excluded_lines": 0, "percent_statements_covered": 100.0, "percent_statements_covered_display": "100"}, "missing_lines": [], "excluded_lines": [], "start_line": 37}, "reuse_stream": {"executed_lines": [48, 49, 50, 51], "summary": {"covered_lines": 4, "num_statements": 4, "percent_covered": 100.0, "percent_covered_display": "100", "missing_lines": 0, "excluded_lines": 0, "percent_statements_covered": 100.0, "percent_statements_covered_display": "100"}, "missing_lines": [], "excluded_lines": [], "start_line": 47}, "complex_stream": {"executed_lines": [55, 56, 58, 59, 61, 62, 63], "summary": {"covered_lines": 7, "num_statements": 7, "percent_covered": 100.0, "percent_covered_display": "100", "missing_lines": 0, "excluded_lines": 0, "percent_statements_covered": 100.0, "percent_statements_covered_display": "100"}, "missing_lines": [], "excluded_lines": [], "start_line": 54}, "amix_stream": {"executed_lines": [67, 69, 72], "summary": {"covered_lines": 3, "num_statements": 3, "percent_covered": 100.0, "percent_covered_display": "100", "missing_lines": 0, "excluded_lines": 0, "percent_statements_covered": 100.0, "percent_statements_covered_display": "100"}, "missing_lines": [], "excluded_lines": [], "start_line": 66}, "amix_stream_2": {"executed_lines": [76, 78, 81], "summary": {"covered_lines": 3, "num_statements": 3, "percent_covered": 100.0, "percent_covered_display": "100", "missing_lines": 0, "excluded_lines": 0, "percent_statements_covered": 100.0, "percent_statements_covered_display": "100"}, "missing_lines": [], "excluded_lines": [], "start_line": 75}, "merged_output_1": {"executed_lines": [85, 86, 87, 91], "summary": {"covered_lines": 4, "num_statements": 4, "percent_covered": 100.0, "percent_covered_display": "100", "missing_lines": 0, "excluded_lines": 0, "percent_statements_covered": 100.0, "percent_statements_covered_display": "100"}, "missing_lines": [], "excluded_lines": [], "start_line": 84}, "global_args": {"executed_lines": [95, 96, 97], "summary": {"covered_lines": 3, "num_statements": 3, "percent_covered": 100.0, "percent_covered_display": "100", "missing_lines": 0, "excluded_lines": 0, "percent_statements_covered": 100.0, "percent_statements_covered_display": "100"}, "missing_lines": [], "excluded_lines": [], "start_line": 94}, "global_args_2": {"executed_lines": [101, 102, 107], "summary": {"covered_lines": 3, "num_statements": 3, "percent_covered": 100.0, "percent_covered_display": "100", "missing_lines": 0, "excluded_lines": 0, "percent_statements_covered": 100.0, "percent_statements_covered_display": "100"}, "missing_lines": [], "excluded_lines": [], "start_line": 100}, "multi_output_filter": {"executed_lines": [111, 112, 114, 117, 120, 125], "summary": {"covered_lines": 6, "num_statements": 6, "percent_covered": 100.0, "percent_covered_display": "100", "missing_lines": 0, "excluded_lines": 0, "percent_statements_covered": 100.0, "percent_statements_covered_display": "100"}, "missing_lines": [], "excluded_lines": [], "start_line": 110}, "stream_selector": {"executed_lines": [129], "summary": {"covered_lines": 1, "num_statements": 1, "percent_covered": 100.0, "percent_covered_display": "100", "missing_lines": 0, "excluded_lines": 0, "percent_statements_covered": 100.0, "percent_statements_covered_display": "100"}, "missing_lines": [], "excluded_lines": [], "start_line": 128}, "stream_selector_with_filter": {"executed_lines": [133], "summary": {"covered_lines": 1, "num_statements": 1, "percent_covered": 100.0, "percent_covered_display": "100", "missing_lines": 0, "excluded_lines": 0, "percent_statements_covered": 100.0, "percent_statements_covered_display": "100"}, "missing_lines": [], "excluded_lines": [], "start_line": 132}, "stream_selector_with_subtitle_and_index": {"executed_lines": [142], "summary": {"covered_lines": 1, "num_statements": 1, "percent_covered": 100.0, "percent_covered_display": "100", "missing_lines": 0, "excluded_lines": 0, "percent_statements_covered": 100.0, "percent_statements_covered_display": "100"}, "missing_lines": [], "excluded_lines": [], "start_line": 141}, "stream_selector_with_subtitle": {"executed_lines": [146], "summary": {"covered_lines": 1, "num_statements": 1, "percent_covered": 100.0, "percent_covered_display": "100", "missing_lines": 0, "excluded_lines": 0, "percent_statements_covered": 100.0, "percent_statements_covered_display": "100"}, "missing_lines": [], "excluded_lines": [], "start_line": 145}, "stream_select_with_optional": {"executed_lines": [150], "summary": {"covered_lines": 1, "num_statements": 1, "percent_covered": 100.0, "percent_covered_display": "100", "missing_lines": 0, "excluded_lines": 0, "percent_statements_covered": 100.0, "percent_statements_covered_display": "100"}, "missing_lines": [], "excluded_lines": [], "start_line": 149}, "": {"executed_lines": [1, 8, 13, 18, 24, 37, 47, 54, 66, 75, 84, 94, 100, 110, 128, 132, 141, 145, 149, 155], "summary": {"covered_lines": 20, "num_statements": 20, "percent_covered": 100.0, "percent_covered_display": "100", "missing_lines": 0, "excluded_lines": 3, "percent_statements_covered": 100.0, "percent_statements_covered_display": "100"}, "missing_lines": [], "excluded_lines": [3, 4, 5], "start_line": 1}}, "classes": {"": {"executed_lines": [1, 8, 9, 10, 13, 14, 15, 18, 19, 20, 21, 24, 25, 26, 27, 28, 30, 31, 33, 34, 37, 38, 39, 44, 47, 48, 49, 50, 51, 54, 55, 56, 58, 59, 61, 62, 63, 66, 67, 69, 72, 75, 76, 78, 81, 84, 85, 86, 87, 91, 94, 95, 96, 97, 100, 101, 102, 107, 110, 111, 112, 114, 117, 120, 125, 128, 129, 132, 133, 141, 142, 145, 146, 149, 150, 155], "summary": {"covered_lines": 76, "num_statements": 76, "percent_covered": 100.0, "percent_covered_display": "100", "missing_lines": 0, "excluded_lines": 3, "percent_statements_covered": 100.0, "percent_statements_covered_display": "100"}, "missing_lines": [], "excluded_lines": [3, 4, 5], "start_line": 1}}}, "src/ffmpeg/compile/validate.py": {"executed_lines": [11, 13, 15, 16, 17, 18, 19, 20, 23, 50, 51, 53, 54, 56, 57, 58, 60, 62, 63, 66, 67, 69, 70, 74, 77, 78, 80, 86, 88, 89, 92, 127, 128, 130, 131, 133, 134, 136, 138, 142, 149, 150, 152, 158, 160, 161, 162, 163, 165, 166, 168, 169, 171, 172, 173, 174, 175, 176, 177, 178, 179, 180, 185, 207, 208, 209, 212, 245, 246, 254], "summary": {"covered_lines": 70, "num_statements": 71, "percent_covered": 98.59154929577464, "percent_covered_display": "99", "missing_lines": 1, "excluded_lines": 0, "percent_statements_covered": 98.59154929577464, "percent_statements_covered_display": "99"}, "missing_lines": [182], "excluded_lines": [], "functions": {"remove_split": {"executed_lines": [50, 51, 53, 54, 56, 57, 58, 60, 62, 63, 66, 67, 69, 70, 74, 77, 78, 80, 86, 88, 89], "summary": {"covered_lines": 21, "num_statements": 21, "percent_covered": 100.0, "percent_covered_display": "100", "missing_lines": 0, "excluded_lines": 0, "percent_statements_covered": 100.0, "percent_statements_covered_display": "100"}, "missing_lines": [], "excluded_lines": [], "start_line": 23}, "add_split": {"executed_lines": [127, 128, 130, 131, 133, 134, 136, 138, 142, 149, 150, 152, 158, 160, 161, 162, 163, 165, 166, 168, 169, 171, 172, 173, 174, 175, 176, 177, 178, 179, 180], "summary": {"covered_lines": 31, "num_statements": 32, "percent_covered": 96.875, "percent_covered_display": "97", "missing_lines": 1, "excluded_lines": 0, "percent_statements_covered": 96.875, "percent_statements_covered_display": "97"}, "missing_lines": [182], "excluded_lines": [], "start_line": 92}, "fix_graph": {"executed_lines": [207, 208, 209], "summary": {"covered_lines": 3, "num_statements": 3, "percent_covered": 100.0, "percent_covered_display": "100", "missing_lines": 0, "excluded_lines": 0, "percent_statements_covered": 100.0, "percent_statements_covered_display": "100"}, "missing_lines": [], "excluded_lines": [], "start_line": 185}, "validate": {"executed_lines": [245, 246, 254], "summary": {"covered_lines": 3, "num_statements": 3, "percent_covered": 100.0, "percent_covered_display": "100", "missing_lines": 0, "excluded_lines": 0, "percent_statements_covered": 100.0, "percent_statements_covered_display": "100"}, "missing_lines": [], "excluded_lines": [], "start_line": 212}, "": {"executed_lines": [11, 13, 15, 16, 17, 18, 19, 20, 23, 92, 185, 212], "summary": {"covered_lines": 12, "num_statements": 12, "percent_covered": 100.0, "percent_covered_display": "100", "missing_lines": 0, "excluded_lines": 0, "percent_statements_covered": 100.0, "percent_statements_covered_display": "100"}, "missing_lines": [], "excluded_lines": [], "start_line": 1}}, "classes": {"": {"executed_lines": [11, 13, 15, 16, 17, 18, 19, 20, 23, 50, 51, 53, 54, 56, 57, 58, 60, 62, 63, 66, 67, 69, 70, 74, 77, 78, 80, 86, 88, 89, 92, 127, 128, 130, 131, 133, 134, 136, 138, 142, 149, 150, 152, 158, 160, 161, 162, 163, 165, 166, 168, 169, 171, 172, 173, 174, 175, 176, 177, 178, 179, 180, 185, 207, 208, 209, 212, 245, 246, 254], "summary": {"covered_lines": 70, "num_statements": 71, "percent_covered": 98.59154929577464, "percent_covered_display": "99", "missing_lines": 1, "excluded_lines": 0, "percent_statements_covered": 98.59154929577464, "percent_statements_covered_display": "99"}, "missing_lines": [182], "excluded_lines": [], "start_line": 1}}}, "src/ffmpeg/dag/__init__.py": {"executed_lines": [14, 22, 24], "summary": {"covered_lines": 3, "num_statements": 3, "percent_covered": 100.0, "percent_covered_display": "100", "missing_lines": 0, "excluded_lines": 0, "percent_statements_covered": 100.0, "percent_statements_covered_display": "100"}, "missing_lines": [], "excluded_lines": [], "functions": {"": {"executed_lines": [14, 22, 24], "summary": {"covered_lines": 3, "num_statements": 3, "percent_covered": 100.0, "percent_covered_display": "100", "missing_lines": 0, "excluded_lines": 0, "percent_statements_covered": 100.0, "percent_statements_covered_display": "100"}, "missing_lines": [], "excluded_lines": [], "start_line": 1}}, "classes": {"": {"executed_lines": [14, 22, 24], "summary": {"covered_lines": 3, "num_statements": 3, "percent_covered": 100.0, "percent_covered_display": "100", "missing_lines": 0, "excluded_lines": 0, "percent_statements_covered": 100.0, "percent_statements_covered_display": "100"}, "missing_lines": [], "excluded_lines": [], "start_line": 1}}}, "src/ffmpeg/dag/factory.py": {"executed_lines": [9, 10, 12, 13, 14, 15, 18, 34, 40, 63, 64, 65, 69, 70, 77, 82, 83, 90, 95], "summary": {"covered_lines": 19, "num_statements": 19, "percent_covered": 100.0, "percent_covered_display": "100", "missing_lines": 0, "excluded_lines": 0, "percent_statements_covered": 100.0, "percent_statements_covered_display": "100"}, "missing_lines": [], "excluded_lines": [], "functions": {"eval_formula": {"executed_lines": [34], "summary": {"covered_lines": 1, "num_statements": 1, "percent_covered": 100.0, "percent_covered_display": "100", "missing_lines": 0, "excluded_lines": 0, "percent_statements_covered": 100.0, "percent_statements_covered_display": "100"}, "missing_lines": [], "excluded_lines": [], "start_line": 18}, "filter_node_factory": {"executed_lines": [63, 64, 65, 69, 70, 77, 82, 83, 90, 95], "summary": {"covered_lines": 10, "num_statements": 10, "percent_covered": 100.0, "percent_covered_display": "100", "missing_lines": 0, "excluded_lines": 0, "percent_statements_covered": 100.0, "percent_statements_covered_display": "100"}, "missing_lines": [], "excluded_lines": [], "start_line": 40}, "": {"executed_lines": [9, 10, 12, 13, 14, 15, 18, 40], "summary": {"covered_lines": 8, "num_statements": 8, "percent_covered": 100.0, "percent_covered_display": "100", "missing_lines": 0, "excluded_lines": 0, "percent_statements_covered": 100.0, "percent_statements_covered_display": "100"}, "missing_lines": [], "excluded_lines": [], "start_line": 1}}, "classes": {"": {"executed_lines": [9, 10, 12, 13, 14, 15, 18, 34, 40, 63, 64, 65, 69, 70, 77, 82, 83, 90, 95], "summary": {"covered_lines": 19, "num_statements": 19, "percent_covered": 100.0, "percent_covered_display": "100", "missing_lines": 0, "excluded_lines": 0, "percent_statements_covered": 100.0, "percent_statements_covered_display": "100"}, "missing_lines": [], "excluded_lines": [], "start_line": 1}}}, "src/ffmpeg/dag/global_runnable/__init__.py": {"executed_lines": [], "summary": {"covered_lines": 0, "num_statements": 0, "percent_covered": 100.0, "percent_covered_display": "100", "missing_lines": 0, "excluded_lines": 0, "percent_statements_covered": 100.0, "percent_statements_covered_display": "100"}, "missing_lines": [], "excluded_lines": [], "functions": {"": {"executed_lines": [], "summary": {"covered_lines": 0, "num_statements": 0, "percent_covered": 100.0, "percent_covered_display": "100", "missing_lines": 0, "excluded_lines": 0, "percent_statements_covered": 100.0, "percent_statements_covered_display": "100"}, "missing_lines": [], "excluded_lines": [], "start_line": 1}}, "classes": {"": {"executed_lines": [], "summary": {"covered_lines": 0, "num_statements": 0, "percent_covered": 100.0, "percent_covered_display": "100", "missing_lines": 0, "excluded_lines": 0, "percent_statements_covered": 100.0, "percent_statements_covered_display": "100"}, "missing_lines": [], "excluded_lines": [], "start_line": 1}}}, "src/ffmpeg/dag/global_runnable/runnable.py": {"executed_lines": [10, 12, 13, 14, 15, 16, 17, 21, 26, 29, 38, 39, 59, 61, 63, 64, 67, 69, 70, 71, 72, 75, 76, 79, 80, 81, 91, 92, 93, 95, 121, 123, 141, 143, 182, 183, 185, 186, 191, 192, 198, 204, 239, 248, 292, 298, 299, 300, 302, 304, 311, 364, 370, 371, 372, 374, 376, 383, 417, 481, 547, 548, 559], "summary": {"covered_lines": 63, "num_statements": 101, "percent_covered": 62.37623762376238, "percent_covered_display": "62", "missing_lines": 38, "excluded_lines": 5, "percent_statements_covered": 62.37623762376238, "percent_statements_covered_display": "62"}, "missing_lines": [82, 84, 87, 89, 429, 430, 431, 432, 433, 435, 438, 440, 441, 447, 450, 452, 453, 454, 455, 456, 457, 458, 459, 460, 461, 463, 465, 468, 473, 474, 476, 477, 479, 569, 570, 572, 573, 585], "excluded_lines": [19, 20, 23, 24, 180], "functions": {"GlobalRunable._start_stderr_tee_thread": {"executed_lines": [59, 91, 92, 93], "summary": {"covered_lines": 4, "num_statements": 4, "percent_covered": 100.0, "percent_covered_display": "100", "missing_lines": 0, "excluded_lines": 0, "percent_statements_covered": 100.0, "percent_statements_covered_display": "100"}, "missing_lines": [], "excluded_lines": [], "start_line": 39}, "GlobalRunable._start_stderr_tee_thread.read_stderr": {"executed_lines": [61, 63, 64, 67, 69, 70, 71, 72, 75, 76, 79, 80, 81], "summary": {"covered_lines": 13, "num_statements": 17, "percent_covered": 76.47058823529412, "percent_covered_display": "76", "missing_lines": 4, "excluded_lines": 0, "percent_statements_covered": 76.47058823529412, "percent_statements_covered_display": "76"}, "missing_lines": [82, 84, 87, 89], "excluded_lines": [], "start_line": 59}, "GlobalRunable.merge_outputs": {"executed_lines": [121], "summary": {"covered_lines": 1, "num_statements": 1, "percent_covered": 100.0, "percent_covered_display": "100", "missing_lines": 0, "excluded_lines": 0, "percent_statements_covered": 100.0, "percent_statements_covered_display": "100"}, "missing_lines": [], "excluded_lines": [], "start_line": 95}, "GlobalRunable.overwrite_output": {"executed_lines": [141], "summary": {"covered_lines": 1, "num_statements": 1, "percent_covered": 100.0, "percent_covered_display": "100", "missing_lines": 0, "excluded_lines": 0, "percent_statements_covered": 100.0, "percent_statements_covered_display": "100"}, "missing_lines": [], "excluded_lines": [], "start_line": 123}, "GlobalRunable.compile": {"executed_lines": [182, 183, 185, 186, 191, 192, 198], "summary": {"covered_lines": 7, "num_statements": 7, "percent_covered": 100.0, "percent_covered_display": "100", "missing_lines": 0, "excluded_lines": 1, "percent_statements_covered": 100.0, "percent_statements_covered_display": "100"}, "missing_lines": [], "excluded_lines": [180], "start_line": 143}, "GlobalRunable.compile_line": {"executed_lines": [239], "summary": {"covered_lines": 1, "num_statements": 1, "percent_covered": 100.0, "percent_covered_display": "100", "missing_lines": 0, "excluded_lines": 0, "percent_statements_covered": 100.0, "percent_statements_covered_display": "100"}, "missing_lines": [], "excluded_lines": [], "start_line": 204}, "GlobalRunable.run_async": {"executed_lines": [292, 298, 299, 300, 302, 304], "summary": {"covered_lines": 6, "num_statements": 6, "percent_covered": 100.0, "percent_covered_display": "100", "missing_lines": 0, "excluded_lines": 0, "percent_statements_covered": 100.0, "percent_statements_covered_display": "100"}, "missing_lines": [], "excluded_lines": [], "start_line": 248}, "GlobalRunable.run_async_awaitable": {"executed_lines": [364, 370, 371, 372, 374, 376], "summary": {"covered_lines": 6, "num_statements": 6, "percent_covered": 100.0, "percent_covered_display": "100", "missing_lines": 0, "excluded_lines": 0, "percent_statements_covered": 100.0, "percent_statements_covered_display": "100"}, "missing_lines": [], "excluded_lines": [], "start_line": 311}, "GlobalRunable._run_with_tee_stderr": {"executed_lines": [417], "summary": {"covered_lines": 1, "num_statements": 30, "percent_covered": 3.3333333333333335, "percent_covered_display": "3", "missing_lines": 29, "excluded_lines": 0, "percent_statements_covered": 3.3333333333333335, "percent_statements_covered_display": "3"}, "missing_lines": [429, 430, 431, 432, 433, 435, 438, 440, 441, 447, 450, 452, 453, 454, 455, 456, 457, 458, 459, 460, 461, 463, 465, 468, 473, 474, 476, 477, 479], "excluded_lines": [], "start_line": 383}, "GlobalRunable.run": {"executed_lines": [547, 548, 559], "summary": {"covered_lines": 3, "num_statements": 8, "percent_covered": 37.5, "percent_covered_display": "38", "missing_lines": 5, "excluded_lines": 0, "percent_statements_covered": 37.5, "percent_statements_covered_display": "38"}, "missing_lines": [569, 570, 572, 573, 585], "excluded_lines": [], "start_line": 481}, "": {"executed_lines": [10, 12, 13, 14, 15, 16, 17, 21, 26, 29, 38, 39, 95, 123, 143, 204, 248, 311, 383, 481], "summary": {"covered_lines": 20, "num_statements": 20, "percent_covered": 100.0, "percent_covered_display": "100", "missing_lines": 0, "excluded_lines": 4, "percent_statements_covered": 100.0, "percent_statements_covered_display": "100"}, "missing_lines": [], "excluded_lines": [19, 20, 23, 24], "start_line": 1}}, "classes": {"GlobalRunable": {"executed_lines": [59, 61, 63, 64, 67, 69, 70, 71, 72, 75, 76, 79, 80, 81, 91, 92, 93, 121, 141, 182, 183, 185, 186, 191, 192, 198, 239, 292, 298, 299, 300, 302, 304, 364, 3
[...]
.0, "percent_statements_covered_display": "100"}, "missing_lines": [], "excluded_lines": [], "start_line": 78}, "LazyValue.__mul__": {"executed_lines": [104, 106], "summary": {"covered_lines": 2, "num_statements": 2, "percent_covered": 100.0, "percent_covered_display": "100", "missing_lines": 0, "excluded_lines": 0, "percent_statements_covered": 100.0, "percent_statements_covered_display": "100"}, "missing_lines": [], "excluded_lines": [], "start_line": 93}, "LazyValue.__rmul__": {"executed_lines": [119, 121], "summary": {"covered_lines": 2, "num_statements": 2, "percent_covered": 100.0, "percent_covered_display": "100", "missing_lines": 0, "excluded_lines": 0, "percent_statements_covered": 100.0, "percent_statements_covered_display": "100"}, "missing_lines": [], "excluded_lines": [], "start_line": 108}, "LazyValue.__truediv__": {"executed_lines": [134, 136], "summary": {"covered_lines": 2, "num_statements": 2, "percent_covered": 100.0, "percent_covered_display": "100", "missing_lines": 0, "excluded_lines": 0, "percent_statements_covered": 100.0, "percent_statements_covered_display": "100"}, "missing_lines": [], "excluded_lines": [], "start_line": 123}, "LazyValue.__rtruediv__": {"executed_lines": [149, 151], "summary": {"covered_lines": 2, "num_statements": 2, "percent_covered": 100.0, "percent_covered_display": "100", "missing_lines": 0, "excluded_lines": 0, "percent_statements_covered": 100.0, "percent_statements_covered_display": "100"}, "missing_lines": [], "excluded_lines": [], "start_line": 138}, "LazyValue.__pow__": {"executed_lines": [164, 166], "summary": {"covered_lines": 2, "num_statements": 2, "percent_covered": 100.0, "percent_covered_display": "100", "missing_lines": 0, "excluded_lines": 0, "percent_statements_covered": 100.0, "percent_statements_covered_display": "100"}, "missing_lines": [], "excluded_lines": [], "start_line": 153}, "LazyValue.__rpow__": {"executed_lines": [179, 181], "summary": {"covered_lines": 2, "num_statements": 2, "percent_covered": 100.0, "percent_covered_display": "100", "missing_lines": 0, "excluded_lines": 0, "percent_statements_covered": 100.0, "percent_statements_covered_display": "100"}, "missing_lines": [], "excluded_lines": [], "start_line": 168}, "LazyValue.__neg__": {"executed_lines": [191, 193], "summary": {"covered_lines": 2, "num_statements": 2, "percent_covered": 100.0, "percent_covered_display": "100", "missing_lines": 0, "excluded_lines": 0, "percent_statements_covered": 100.0, "percent_statements_covered_display": "100"}, "missing_lines": [], "excluded_lines": [], "start_line": 183}, "LazyValue.__pos__": {"executed_lines": [203, 205], "summary": {"covered_lines": 2, "num_statements": 2, "percent_covered": 100.0, "percent_covered_display": "100", "missing_lines": 0, "excluded_lines": 0, "percent_statements_covered": 100.0, "percent_statements_covered_display": "100"}, "missing_lines": [], "excluded_lines": [], "start_line": 195}, "LazyValue.__abs__": {"executed_lines": [215, 217], "summary": {"covered_lines": 2, "num_statements": 2, "percent_covered": 100.0, "percent_covered_display": "100", "missing_lines": 0, "excluded_lines": 0, "percent_statements_covered": 100.0, "percent_statements_covered_display": "100"}, "missing_lines": [], "excluded_lines": [], "start_line": 207}, "LazyValue.__mod__": {"executed_lines": [230, 232], "summary": {"covered_lines": 2, "num_statements": 2, "percent_covered": 100.0, "percent_covered_display": "100", "missing_lines": 0, "excluded_lines": 0, "percent_statements_covered": 100.0, "percent_statements_covered_display": "100"}, "missing_lines": [], "excluded_lines": [], "start_line": 219}, "LazyValue.__rmod__": {"executed_lines": [245, 247], "summary": {"covered_lines": 2, "num_statements": 2, "percent_covered": 100.0, "percent_covered_display": "100", "missing_lines": 0, "excluded_lines": 0, "percent_statements_covered": 100.0, "percent_statements_covered_display": "100"}, "missing_lines": [], "excluded_lines": [], "start_line": 234}, "LazyValue.__floordiv__": {"executed_lines": [260, 262], "summary": {"covered_lines": 2, "num_statements": 2, "percent_covered": 100.0, "percent_covered_display": "100", "missing_lines": 0, "excluded_lines": 0, "percent_statements_covered": 100.0, "percent_statements_covered_display": "100"}, "missing_lines": [], "excluded_lines": [], "start_line": 249}, "LazyValue.__rfloordiv__": {"executed_lines": [275, 277], "summary": {"covered_lines": 2, "num_statements": 2, "percent_covered": 100.0, "percent_covered_display": "100", "missing_lines": 0, "excluded_lines": 0, "percent_statements_covered": 100.0, "percent_statements_covered_display": "100"}, "missing_lines": [], "excluded_lines": [], "start_line": 264}, "LazyValue.eval": {"executed_lines": [293, 294, 295, 296], "summary": {"covered_lines": 4, "num_statements": 4, "percent_covered": 100.0, "percent_covered_display": "100", "missing_lines": 0, "excluded_lines": 0, "percent_statements_covered": 100.0, "percent_statements_covered_display": "100"}, "missing_lines": [], "excluded_lines": [], "start_line": 279}, "LazyValue.partial": {"executed_lines": [], "summary": {"covered_lines": 0, "num_statements": 0, "percent_covered": 100.0, "percent_covered_display": "100", "missing_lines": 0, "excluded_lines": 1, "percent_statements_covered": 100.0, "percent_statements_covered_display": "100"}, "missing_lines": [], "excluded_lines": [310], "start_line": 299}, "LazyValue.ready": {"executed_lines": [325], "summary": {"covered_lines": 1, "num_statements": 1, "percent_covered": 100.0, "percent_covered_display": "100", "missing_lines": 0, "excluded_lines": 0, "percent_statements_covered": 100.0, "percent_statements_covered_display": "100"}, "missing_lines": [], "excluded_lines": [], "start_line": 312}, "LazyValue.keys": {"executed_lines": [], "summary": {"covered_lines": 0, "num_statements": 0, "percent_covered": 100.0, "percent_covered_display": "100", "missing_lines": 0, "excluded_lines": 1, "percent_statements_covered": 100.0, "percent_statements_covered_display": "100"}, "missing_lines": [], "excluded_lines": [341], "start_line": 328}, "Symbol.__str__": {"executed_lines": [372], "summary": {"covered_lines": 1, "num_statements": 1, "percent_covered": 100.0, "percent_covered_display": "100", "missing_lines": 0, "excluded_lines": 0, "percent_statements_covered": 100.0, "percent_statements_covered_display": "100"}, "missing_lines": [], "excluded_lines": [], "start_line": 364}, "Symbol.partial": {"executed_lines": [389, 390, 391], "summary": {"covered_lines": 3, "num_statements": 3, "percent_covered": 100.0, "percent_covered_display": "100", "missing_lines": 0, "excluded_lines": 0, "percent_statements_covered": 100.0, "percent_statements_covered_display": "100"}, "missing_lines": [], "excluded_lines": [], "start_line": 375}, "Symbol.keys": {"executed_lines": [404], "summary": {"covered_lines": 1, "num_statements": 1, "percent_covered": 100.0, "percent_covered_display": "100", "missing_lines": 0, "excluded_lines": 0, "percent_statements_covered": 100.0, "percent_statements_covered_display": "100"}, "missing_lines": [], "excluded_lines": [], "start_line": 394}, "LazyOperator._eval": {"executed_lines": [], "summary": {"covered_lines": 0, "num_statements": 0, "percent_covered": 100.0, "percent_covered_display": "100", "missing_lines": 0, "excluded_lines": 1, "percent_statements_covered": 100.0, "percent_statements_covered_display": "100"}, "missing_lines": [], "excluded_lines": [447], "start_line": 432}, "LazyOperator.partial": {"executed_lines": [467, 468, 470, 472, 473, 475, 477], "summary": {"covered_lines": 7, "num_statements": 7, "percent_covered": 100.0, "percent_covered_display": "100", "missing_lines": 0, "excluded_lines": 0, "percent_statements_covered": 100.0, "percent_statements_covered_display": "100"}, "missing_lines": [], "excluded_lines": [], "start_line": 450}, "LazyOperator.keys": {"executed_lines": [492, 493, 494, 496, 497, 499], "summary": {"covered_lines": 6, "num_statements": 6, "percent_covered": 100.0, "percent_covered_display": "100", "missing_lines": 0, "excluded_lines": 0, "percent_statements_covered": 100.0, "percent_statements_covered_display": "100"}, "missing_lines": [], "excluded_lines": [], "start_line": 480}, "": {"executed_lines": [11, 13, 14, 15, 17, 20, 33, 48, 63, 78, 93, 108, 123, 138, 153, 168, 183, 195, 207, 219, 234, 249, 264, 279, 298, 299, 312, 327, 328, 344, 345, 362, 364, 374, 375, 393, 394, 407, 408, 428, 429, 431, 432, 449, 450, 479, 480], "summary": {"covered_lines": 47, "num_statements": 47, "percent_covered": 100.0, "percent_covered_display": "100", "missing_lines": 0, "excluded_lines": 0, "percent_statements_covered": 100.0, "percent_statements_covered_display": "100"}, "missing_lines": [], "excluded_lines": [], "start_line": 1}}, "classes": {"LazyValue": {"executed_lines": [44, 46, 59, 61, 74, 76, 89, 91, 104, 106, 119, 121, 134, 136, 149, 151, 164, 166, 179, 181, 191, 193, 203, 205, 215, 217, 230, 232, 245, 247, 260, 262, 275, 277, 293, 294, 295, 296, 325], "summary": {"covered_lines": 39, "num_statements": 39, "percent_covered": 100.0, "percent_covered_display": "100", "missing_lines": 0, "excluded_lines": 2, "percent_statements_covered": 100.0, "percent_statements_covered_display": "100"}, "missing_lines": [], "excluded_lines": [310, 341], "start_line": 20}, "Symbol": {"executed_lines": [372, 389, 390, 391, 404], "summary": {"covered_lines": 5, "num_statements": 5, "percent_covered": 100.0, "percent_covered_display": "100", "missing_lines": 0, "excluded_lines": 0, "percent_statements_covered": 100.0, "percent_statements_covered_display": "100"}, "missing_lines": [], "excluded_lines": [], "start_line": 345}, "LazyOperator": {"executed_lines": [467, 468, 470, 472, 473, 475, 477, 492, 493, 494, 496, 497, 499], "summary": {"covered_lines": 13, "num_statements": 13, "percent_covered": 100.0, "percent_covered_display": "100", "missing_lines": 0, "excluded_lines": 1, "percent_statements_covered": 100.0, "percent_statements_covered_display": "100"}, "missing_lines": [], "excluded_lines": [447], "start_line": 408}, "": {"executed_lines": [11, 13, 14, 15, 17, 20, 33, 48, 63, 78, 93, 108, 123, 138, 153, 168, 183, 195, 207, 219, 234, 249, 264, 279, 298, 299, 312, 327, 328, 344, 345, 362, 364, 374, 375, 393, 394, 407, 408, 428, 429, 431, 432, 449, 450, 479, 480], "summary": {"covered_lines": 47, "num_statements": 47, "percent_covered": 100.0, "percent_covered_display": "100", "missing_lines": 0, "excluded_lines": 0, "percent_statements_covered": 100.0, "percent_statements_covered_display": "100"}, "missing_lines": [], "excluded_lines": [], "start_line": 1}}}, "src/ffmpeg/utils/lazy_eval/tests/__init__.py": {"executed_lines": [], "summary": {"covered_lines": 0, "num_statements": 0, "percent_covered": 100.0, "percent_covered_display": "100", "missing_lines": 0, "excluded_lines": 0, "percent_statements_covered": 100.0, "percent_statements_covered_display": "100"}, "missing_lines": [], "excluded_lines": [], "functions": {"": {"executed_lines": [], "summary": {"covered_lines": 0, "num_statements": 0, "percent_covered": 100.0, "percent_covered_display": "100", "missing_lines": 0, "excluded_lines": 0, "percent_statements_covered": 100.0, "percent_statements_covered_display": "100"}, "missing_lines": [], "excluded_lines": [], "start_line": 1}}, "classes": {"": {"executed_lines": [], "summary": {"covered_lines": 0, "num_statements": 0, "percent_covered": 100.0, "percent_covered_display": "100", "missing_lines": 0, "excluded_lines": 0, "percent_statements_covered": 100.0, "percent_statements_covered_display": "100"}, "missing_lines": [], "excluded_lines": [], "start_line": 1}}}, "src/ffmpeg/utils/run.py": {"executed_lines": [8, 9, 11, 12, 13, 16, 37, 41, 66], "summary": {"covered_lines": 9, "num_statements": 9, "percent_covered": 100.0, "percent_covered_display": "100", "missing_lines": 0, "excluded_lines": 0, "percent_statements_covered": 100.0, "percent_statements_covered_display": "100"}, "missing_lines": [], "excluded_lines": [], "functions": {"command_line": {"executed_lines": [37], "summary": {"covered_lines": 1, "num_statements": 1, "percent_covered": 100.0, "percent_covered_display": "100", "missing_lines": 0, "excluded_lines": 0, "percent_statements_covered": 100.0, "percent_statements_covered_display": "100"}, "missing_lines": [], "excluded_lines": [], "start_line": 16}, "ignore_default": {"executed_lines": [66], "summary": {"covered_lines": 1, "num_statements": 1, "percent_covered": 100.0, "percent_covered_display": "100", "missing_lines": 0, "excluded_lines": 0, "percent_statements_covered": 100.0, "percent_statements_covered_display": "100"}, "missing_lines": [], "excluded_lines": [], "start_line": 41}, "": {"executed_lines": [8, 9, 11, 12, 13, 16, 41], "summary": {"covered_lines": 7, "num_statements": 7, "percent_covered": 100.0, "percent_covered_display": "100", "missing_lines": 0, "excluded_lines": 0, "percent_statements_covered": 100.0, "percent_statements_covered_display": "100"}, "missing_lines": [], "excluded_lines": [], "start_line": 1}}, "classes": {"": {"executed_lines": [8, 9, 11, 12, 13, 16, 37, 41, 66], "summary": {"covered_lines": 9, "num_statements": 9, "percent_covered": 100.0, "percent_covered_display": "100", "missing_lines": 0, "excluded_lines": 0, "percent_statements_covered": 100.0, "percent_statements_covered_display": "100"}, "missing_lines": [], "excluded_lines": [], "start_line": 1}}}, "src/ffmpeg/utils/snapshot.py": {"executed_lines": [10, 11, 13, 14, 21, 24, 38, 64, 66], "summary": {"covered_lines": 9, "num_statements": 9, "percent_covered": 100.0, "percent_covered_display": "100", "missing_lines": 0, "excluded_lines": 0, "percent_statements_covered": 100.0, "percent_statements_covered_display": "100"}, "missing_lines": [], "excluded_lines": [], "functions": {"DAGSnapshotExtension.serialize": {"executed_lines": [64, 66], "summary": {"covered_lines": 2, "num_statements": 2, "percent_covered": 100.0, "percent_covered_display": "100", "missing_lines": 0, "excluded_lines": 0, "percent_statements_covered": 100.0, "percent_statements_covered_display": "100"}, "missing_lines": [], "excluded_lines": [], "start_line": 38}, "": {"executed_lines": [10, 11, 13, 14, 21, 24, 38], "summary": {"covered_lines": 7, "num_statements": 7, "percent_covered": 100.0, "percent_covered_display": "100", "missing_lines": 0, "excluded_lines": 0, "percent_statements_covered": 100.0, "percent_statements_covered_display": "100"}, "missing_lines": [], "excluded_lines": [], "start_line": 1}}, "classes": {"DAGSnapshotExtension": {"executed_lines": [64, 66], "summary": {"covered_lines": 2, "num_statements": 2, "percent_covered": 100.0, "percent_covered_display": "100", "missing_lines": 0, "excluded_lines": 0, "percent_statements_covered": 100.0, "percent_statements_covered_display": "100"}, "missing_lines": [], "excluded_lines": [], "start_line": 24}, "": {"executed_lines": [10, 11, 13, 14, 21, 24, 38], "summary": {"covered_lines": 7, "num_statements": 7, "percent_covered": 100.0, "percent_covered_display": "100", "missing_lines": 0, "excluded_lines": 0, "percent_statements_covered": 100.0, "percent_statements_covered_display": "100"}, "missing_lines": [], "excluded_lines": [], "start_line": 1}}}, "src/ffmpeg/utils/tests/__init__.py": {"executed_lines": [], "summary": {"covered_lines": 0, "num_statements": 0, "percent_covered": 100.0, "percent_covered_display": "100", "missing_lines": 0, "excluded_lines": 0, "percent_statements_covered": 100.0, "percent_statements_covered_display": "100"}, "missing_lines": [], "excluded_lines": [], "functions": {"": {"executed_lines": [], "summary": {"covered_lines": 0, "num_statements": 0, "percent_covered": 100.0, "percent_covered_display": "100", "missing_lines": 0, "excluded_lines": 0, "percent_statements_covered": 100.0, "percent_statements_covered_display": "100"}, "missing_lines": [], "excluded_lines": [], "start_line": 1}}, "classes": {"": {"executed_lines": [], "summary": {"covered_lines": 0, "num_statements": 0, "percent_covered": 100.0, "percent_covered_display": "100", "missing_lines": 0, "excluded_lines": 0, "percent_statements_covered": 100.0, "percent_statements_covered_display": "100"}, "missing_lines": [], "excluded_lines": [], "start_line": 1}}}, "src/ffmpeg/utils/typing.py": {"executed_lines": [9, 11, 14, 43], "summary": {"covered_lines": 4, "num_statements": 4, "percent_covered": 100.0, "percent_covered_display": "100", "missing_lines": 0, "excluded_lines": 0, "percent_statements_covered": 100.0, "percent_statements_covered_display": "100"}, "missing_lines": [], "excluded_lines": [], "functions": {"override": {"executed_lines": [43], "summary": {"covered_lines": 1, "num_statements": 1, "percent_covered": 100.0, "percent_covered_display": "100", "missing_lines": 0, "excluded_lines": 0, "percent_statements_covered": 100.0, "percent_statements_covered_display": "100"}, "missing_lines": [], "excluded_lines": [], "start_line": 14}, "": {"executed_lines": [9, 11, 14], "summary": {"covered_lines": 3, "num_statements": 3, "percent_covered": 100.0, "percent_covered_display": "100", "missing_lines": 0, "excluded_lines": 0, "percent_statements_covered": 100.0, "percent_statements_covered_display": "100"}, "missing_lines": [], "excluded_lines": [], "start_line": 1}}, "classes": {"": {"executed_lines": [9, 11, 14, 43], "summary": {"covered_lines": 4, "num_statements": 4, "percent_covered": 100.0, "percent_covered_display": "100", "missing_lines": 0, "excluded_lines": 0, "percent_statements_covered": 100.0, "percent_statements_covered_display": "100"}, "missing_lines": [], "excluded_lines": [], "start_line": 1}}}, "src/ffmpeg/utils/view.py": {"executed_lines": [9, 11, 13, 14, 15, 16, 19, 37, 38, 45, 48, 78, 79, 80, 81], "summary": {"covered_lines": 15, "num_statements": 32, "percent_covered": 46.875, "percent_covered_display": "47", "missing_lines": 17, "excluded_lines": 0, "percent_statements_covered": 46.875, "percent_statements_covered_display": "47"}, "missing_lines": [39, 40, 41, 42, 44, 86, 87, 88, 89, 91, 93, 94, 95, 105, 106, 107, 113], "excluded_lines": [], "functions": {"_get_node_color": {"executed_lines": [37, 38, 45], "summary": {"covered_lines": 3, "num_statements": 8, "percent_covered": 37.5, "percent_covered_display": "38", "missing_lines": 5, "excluded_lines": 0, "percent_statements_covered": 37.5, "percent_statements_covered_display": "38"}, "missing_lines": [39, 40, 41, 42, 44], "excluded_lines": [], "start_line": 19}, "view": {"executed_lines": [78, 79, 80, 81], "summary": {"covered_lines": 4, "num_statements": 16, "percent_covered": 25.0, "percent_covered_display": "25", "missing_lines": 12, "excluded_lines": 0, "percent_statements_covered": 25.0, "percent_statements_covered_display": "25"}, "missing_lines": [86, 87, 88, 89, 91, 93, 94, 95, 105, 106, 107, 113], "excluded_lines": [], "start_line": 48}, "": {"executed_lines": [9, 11, 13, 14, 15, 16, 19, 48], "summary": {"covered_lines": 8, "num_statements": 8, "percent_covered": 100.0, "percent_covered_display": "100", "missing_lines": 0, "excluded_lines": 0, "percent_statements_covered": 100.0, "percent_statements_covered_display": "100"}, "missing_lines": [], "excluded_lines": [], "start_line": 1}}, "classes": {"": {"executed_lines": [9, 11, 13, 14, 15, 16, 19, 37, 38, 45, 48, 78, 79, 80, 81], "summary": {"covered_lines": 15, "num_statements": 32, "percent_covered": 46.875, "percent_covered_display": "47", "missing_lines": 17, "excluded_lines": 0, "percent_statements_covered": 46.875, "percent_statements_covered_display": "47"}, "missing_lines": [39, 40, 41, 42, 44, 86, 87, 88, 89, 91, 93, 94, 95, 105, 106, 107, 113], "excluded_lines": [], "start_line": 1}}}}, "totals": {"covered_lines": 2754, "num_statements": 3432, "percent_covered": 80.24475524475524, "percent_covered_display": "80", "missing_lines": 678, "excluded_lines": 481, "percent_statements_covered": 80.24475524475524, "percent_statements_covered_display": "80"}}